***mh-0.14_mic1.93_with-err_lsd.out
 201 2
 -100.0000  9.9621e-01  4.5718e-04
  -99.0000  9.9620e-01  4.5831e-04
  -98.0000  9.9539e-01  4.6362e-04
  -97.0000  9.9673e-01  4.6187e-04
  -96.0000  9.9709e-01  4.5563e-04
  -95.0000  9.9639e-01  4.5652e-04
  -94.0000  9.9694e-01  4.6604e-04
  -93.0000  9.9749e-01  4.7012e-04
  -92.0000  9.9676e-01  4.7081e-04
  -91.0000  9.9727e-01  4.7373e-04
  -90.0000  9.9690e-01  4.6346e-04
  -89.0000  9.9649e-01  4.5780e-04
  -88.0000  9.9622e-01  4.5799e-04
  -87.0000  9.9630e-01  4.5140e-04
  -86.0000  9.9579e-01  4.5480e-04
  -85.0000  9.9590e-01  4.6420e-04
  -84.0000  9.9622e-01  4.7060e-04
  -83.0000  9.9615e-01  4.7010e-04
  -82.0000  9.9615e-01  4.7192e-04
  -81.0000  9.9606e-01  4.6767e-04
  -80.0000  9.9537e-01  4.6953e-04
  -79.0000  9.9516e-01  4.5852e-04
  -78.0000  9.9593e-01  4.5707e-04
  -77.0000  9.9666e-01  4.6322e-04
  -76.0000  9.9695e-01  4.6205e-04
  -75.0000  9.9700e-01  4.6521e-04
  -74.0000  9.9662e-01  4.6750e-04
  -73.0000  9.9606e-01  4.6959e-04
  -72.0000  9.9508e-01  4.6592e-04
  -71.0000  9.9549e-01  4.7105e-04
  -70.0000  9.9539e-01  4.6253e-04
  -69.0000  9.9629e-01  4.6283e-04
  -68.0000  9.9603e-01  4.6137e-04
  -67.0000  9.9601e-01  4.6242e-04
  -66.0000  9.9591e-01  4.6797e-04
  -65.0000  9.9557e-01  4.6457e-04
  -64.0000  9.9540e-01  4.5831e-04
  -63.0000  9.9497e-01  4.6337e-04
  -62.0000  9.9450e-01  4.6979e-04
  -61.0000  9.9449e-01  4.7979e-04
  -60.0000  9.9398e-01  4.8659e-04
  -59.0000  9.9476e-01  4.9002e-04
  -58.0000  9.9556e-01  4.9330e-04
  -57.0000  9.9533e-01  4.8886e-04
  -56.0000  9.9473e-01  4.8353e-04
  -55.0000  9.9459e-01  4.7990e-04
  -54.0000  9.9506e-01  4.7480e-04
  -53.0000  9.9473e-01  4.7006e-04
  -52.0000  9.9355e-01  4.7216e-04
  -51.0000  9.9363e-01  4.7374e-04
  -50.0000  9.9393e-01  4.8412e-04
  -49.0000  9.9466e-01  4.9843e-04
  -48.0000  9.9422e-01  4.9860e-04
  -47.0000  9.9400e-01  4.9915e-04
  -46.0000  9.9359e-01  5.0346e-04
  -45.0000  9.9311e-01  5.0208e-04
  -44.0000  9.9457e-01  5.0901e-04
  -43.0000  9.9510e-01  5.1850e-04
  -42.0000  9.9537e-01  5.2301e-04
  -41.0000  9.9484e-01  5.1817e-04
  -40.0000  9.9487e-01  5.2114e-04
  -39.0000  9.9354e-01  5.1254e-04
  -38.0000  9.9406e-01  5.1922e-04
  -37.0000  9.9412e-01  5.2687e-04
  -36.0000  9.9389e-01  5.3399e-04
  -35.0000  9.9449e-01  5.3875e-04
  -34.0000  9.9403e-01  5.3810e-04
  -33.0000  9.9350e-01  5.2998e-04
  -32.0000  9.9175e-01  5.1961e-04
  -31.0000  9.9200e-01  5.1003e-04
  -30.0000  9.9144e-01  5.1374e-04
  -29.0000  9.9099e-01  5.1069e-04
  -28.0000  9.9146e-01  5.1335e-04
  -27.0000  9.9110e-01  5.1534e-04
  -26.0000  9.9144e-01  5.2045e-04
  -25.0000  9.8988e-01  5.1176e-04
  -24.0000  9.8999e-01  5.1210e-04
  -23.0000  9.9101e-01  5.2824e-04
  -22.0000  9.9143e-01  5.3221e-04
  -21.0000  9.9071e-01  5.2615e-04
  -20.0000  9.9041e-01  5.2650e-04
  -19.0000  9.9047e-01  5.3825e-04
  -18.0000  9.8971e-01  5.3144e-04
  -17.0000  9.8926e-01  5.3425e-04
  -16.0000  9.8829e-01  5.3078e-04
  -15.0000  9.8748e-01  5.3924e-04
  -14.0000  9.8678e-01  5.4735e-04
  -13.0000  9.8475e-01  5.6499e-04
  -12.0000  9.8215e-01  5.7007e-04
  -11.0000  9.8291e-01  5.8290e-04
  -10.0000  9.8272e-01  6.0319e-04
   -9.0000  9.8106e-01  6.0447e-04
   -8.0000  9.7835e-01  6.1235e-04
   -7.0000  9.7411e-01  6.4940e-04
   -6.0000  9.6945e-01  7.1501e-04
   -5.0000  9.3990e-01  8.1662e-04
   -4.0000  8.3894e-01  9.8259e-04
   -3.0000  6.1981e-01  1.1243e-03
   -2.0000  3.5352e-01  9.1502e-04
   -1.0000  3.0047e-01  8.6092e-04
    0.0000  2.9021e-01  9.4718e-04
    1.0000  3.0044e-01  8.6030e-04
    2.0000  3.5605e-01  9.0853e-04
    3.0000  6.0435e-01  1.1983e-03
    4.0000  8.4678e-01  1.0609e-03
    5.0000  9.4188e-01  8.2385e-04
    6.0000  9.6875e-01  6.7956e-04
    7.0000  9.7627e-01  6.2121e-04
    8.0000  9.8206e-01  6.1028e-04
    9.0000  9.8359e-01  5.8838e-04
   10.0000  9.8621e-01  5.6879e-04
   11.0000  9.8719e-01  5.5587e-04
   12.0000  9.8683e-01  5.5141e-04
   13.0000  9.8649e-01  5.4524e-04
   14.0000  9.8751e-01  5.3549e-04
   15.0000  9.8955e-01  5.3370e-04
   16.0000  9.8997e-01  5.1962e-04
   17.0000  9.9193e-01  5.2850e-04
   18.0000  9.9189e-01  5.2436e-04
   19.0000  9.9193e-01  5.2981e-04
   20.0000  9.9038e-01  5.2711e-04
   21.0000  9.9056e-01  5.1844e-04
   22.0000  9.9308e-01  5.2162e-04
   23.0000  9.9309e-01  5.1808e-04
   24.0000  9.9336e-01  5.2418e-04
   25.0000  9.9306e-01  5.2049e-04
   26.0000  9.9386e-01  5.2403e-04
   27.0000  9.9391e-01  5.2574e-04
   28.0000  9.9321e-01  5.1330e-04
   29.0000  9.9384e-01  5.0043e-04
   30.0000  9.9472e-01  4.9878e-04
   31.0000  9.9531e-01  4.9218e-04
   32.0000  9.9553e-01  4.8943e-04
   33.0000  9.9569e-01  4.9220e-04
   34.0000  9.9536e-01  4.9982e-04
   35.0000  9.9541e-01  5.0401e-04
   36.0000  9.9651e-01  4.9694e-04
   37.0000  9.9662e-01  4.9391e-04
   38.0000  9.9727e-01  4.9311e-04
   39.0000  9.9721e-01  4.8688e-04
   40.0000  9.9654e-01  4.8282e-04
   41.0000  9.9740e-01  4.8328e-04
   42.0000  9.9766e-01  4.8186e-04
   43.0000  9.9795e-01  4.8290e-04
   44.0000  9.9737e-01  4.8639e-04
   45.0000  9.9757e-01  4.9558e-04
   46.0000  9.9757e-01  5.0032e-04
   47.0000  9.9752e-01  4.9204e-04
   48.0000  9.9723e-01  4.9339e-04
   49.0000  9.9682e-01  4.9671e-04
   50.0000  9.9803e-01  5.0118e-04
   51.0000  9.9841e-01  5.0248e-04
   52.0000  9.9854e-01  4.9356e-04
   53.0000  9.9743e-01  4.9434e-04
   54.0000  9.9687e-01  4.8998e-04
   55.0000  9.9563e-01  4.8171e-04
   56.0000  9.9468e-01  4.7587e-04
   57.0000  9.9415e-01  4.7845e-04
   58.0000  9.9460e-01  4.8364e-04
   59.0000  9.9468e-01  4.8359e-04
   60.0000  9.9415e-01  4.7885e-04
   61.0000  9.9365e-01  4.7130e-04
   62.0000  9.9557e-01  4.8116e-04
   63.0000  9.9436e-01  4.7702e-04
   64.0000  9.9405e-01  4.7836e-04
   65.0000  9.9306e-01  4.7450e-04
   66.0000  9.9455e-01  4.7558e-04
   67.0000  9.9400e-01  4.7309e-04
   68.0000  9.9289e-01  4.6564e-04
   69.0000  9.9445e-01  4.6995e-04
   70.0000  9.9426e-01  4.7006e-04
   71.0000  9.9409e-01  4.6829e-04
   72.0000  9.9446e-01  4.6439e-04
   73.0000  9.9470e-01  4.6284e-04
   74.0000  9.9453e-01  4.6307e-04
   75.0000  9.9559e-01  4.5770e-04
   76.0000  9.9523e-01  4.5194e-04
   77.0000  9.9512e-01  4.5545e-04
   78.0000  9.9499e-01  4.5262e-04
   79.0000  9.9563e-01  4.5643e-04
   80.0000  9.9596e-01  4.4854e-04
   81.0000  9.9595e-01  4.5612e-04
   82.0000  9.9593e-01  4.6572e-04
   83.0000  9.9627e-01  4.7230e-04
   84.0000  9.9552e-01  4.6780e-04
   85.0000  9.9487e-01  4.6266e-04
   86.0000  9.9498e-01  4.6331e-04
   87.0000  9.9542e-01  4.6393e-04
   88.0000  9.9542e-01  4.6555e-04
   89.0000  9.9630e-01  4.6794e-04
   90.0000  9.9648e-01  4.6785e-04
   91.0000  9.9613e-01  4.5896e-04
   92.0000  9.9532e-01  4.5067e-04
   93.0000  9.9557e-01  4.5128e-04
   94.0000  9.9548e-01  4.5637e-04
   95.0000  9.9505e-01  4.5497e-04
   96.0000  9.9581e-01  4.5136e-04
   97.0000  9.9711e-01  4.5021e-04
   98.0000  9.9666e-01  4.5052e-04
   99.0000  9.9647e-01  4.4864e-04
  100.0000  9.9694e-01  4.6411e-04
