***mh-0.14_mic1.93_with-err_lsd.out
 201 2
 -100.0000  9.9785e-01  3.8047e-04
  -99.0000  9.9760e-01  3.7734e-04
  -98.0000  9.9794e-01  3.7270e-04
  -97.0000  9.9760e-01  3.7533e-04
  -96.0000  9.9794e-01  3.7549e-04
  -95.0000  9.9854e-01  3.7843e-04
  -94.0000  9.9826e-01  3.8103e-04
  -93.0000  9.9827e-01  3.8040e-04
  -92.0000  9.9790e-01  3.8164e-04
  -91.0000  9.9758e-01  3.8262e-04
  -90.0000  9.9714e-01  3.8396e-04
  -89.0000  9.9758e-01  3.8673e-04
  -88.0000  9.9750e-01  3.8271e-04
  -87.0000  9.9734e-01  3.8123e-04
  -86.0000  9.9707e-01  3.8493e-04
  -85.0000  9.9769e-01  3.9331e-04
  -84.0000  9.9704e-01  3.8975e-04
  -83.0000  9.9775e-01  3.9746e-04
  -82.0000  9.9776e-01  4.0356e-04
  -81.0000  9.9806e-01  4.0285e-04
  -80.0000  9.9769e-01  3.9864e-04
  -79.0000  9.9739e-01  3.8837e-04
  -78.0000  9.9723e-01  3.8326e-04
  -77.0000  9.9669e-01  3.8130e-04
  -76.0000  9.9571e-01  3.7704e-04
  -75.0000  9.9692e-01  3.8210e-04
  -74.0000  9.9736e-01  3.8475e-04
  -73.0000  9.9745e-01  3.8582e-04
  -72.0000  9.9694e-01  3.8438e-04
  -71.0000  9.9673e-01  3.8562e-04
  -70.0000  9.9690e-01  3.8345e-04
  -69.0000  9.9649e-01  3.8265e-04
  -68.0000  9.9649e-01  3.8611e-04
  -67.0000  9.9665e-01  3.8525e-04
  -66.0000  9.9643e-01  3.7939e-04
  -65.0000  9.9619e-01  3.7979e-04
  -64.0000  9.9637e-01  3.8232e-04
  -63.0000  9.9528e-01  3.7857e-04
  -62.0000  9.9595e-01  3.8040e-04
  -61.0000  9.9608e-01  3.8668e-04
  -60.0000  9.9638e-01  3.9309e-04
  -59.0000  9.9677e-01  3.9328e-04
  -58.0000  9.9663e-01  3.9015e-04
  -57.0000  9.9797e-01  3.9794e-04
  -56.0000  9.9815e-01  4.0257e-04
  -55.0000  9.9678e-01  3.9813e-04
  -54.0000  9.9688e-01  4.0023e-04
  -53.0000  9.9597e-01  4.0000e-04
  -52.0000  9.9594e-01  4.0017e-04
  -51.0000  9.9619e-01  3.9804e-04
  -50.0000  9.9684e-01  3.9848e-04
  -49.0000  9.9703e-01  3.9905e-04
  -48.0000  9.9722e-01  4.0400e-04
  -47.0000  9.9608e-01  4.0274e-04
  -46.0000  9.9675e-01  4.1269e-04
  -45.0000  9.9598e-01  4.0702e-04
  -44.0000  9.9558e-01  4.0390e-04
  -43.0000  9.9629e-01  4.0415e-04
  -42.0000  9.9673e-01  3.9863e-04
  -41.0000  9.9651e-01  4.0485e-04
  -40.0000  9.9713e-01  4.1371e-04
  -39.0000  9.9725e-01  4.1805e-04
  -38.0000  9.9613e-01  4.1494e-04
  -37.0000  9.9471e-01  4.1022e-04
  -36.0000  9.9356e-01  4.0827e-04
  -35.0000  9.9461e-01  4.0830e-04
  -34.0000  9.9556e-01  4.1131e-04
  -33.0000  9.9562e-01  4.0845e-04
  -32.0000  9.9524e-01  4.0806e-04
  -31.0000  9.9545e-01  4.1317e-04
  -30.0000  9.9497e-01  4.2119e-04
  -29.0000  9.9473e-01  4.2761e-04
  -28.0000  9.9454e-01  4.2765e-04
  -27.0000  9.9546e-01  4.3252e-04
  -26.0000  9.9592e-01  4.3632e-04
  -25.0000  9.9591e-01  4.4332e-04
  -24.0000  9.9555e-01  4.5018e-04
  -23.0000  9.9455e-01  4.4370e-04
  -22.0000  9.9622e-01  4.5398e-04
  -21.0000  9.9629e-01  4.5700e-04
  -20.0000  9.9489e-01  4.5349e-04
  -19.0000  9.9523e-01  4.5591e-04
  -18.0000  9.9626e-01  4.6810e-04
  -17.0000  9.9567e-01  4.6134e-04
  -16.0000  9.9517e-01  4.6428e-04
  -15.0000  9.9440e-01  4.6016e-04
  -14.0000  9.9445e-01  4.6110e-04
  -13.0000  9.9315e-01  4.5213e-04
  -12.0000  9.9118e-01  4.5759e-04
  -11.0000  9.9077e-01  4.6448e-04
  -10.0000  9.8859e-01  4.7111e-04
   -9.0000  9.8800e-01  4.7772e-04
   -8.0000  9.8623e-01  4.8605e-04
   -7.0000  9.8290e-01  5.1271e-04
   -6.0000  9.7799e-01  5.6325e-04
   -5.0000  9.5795e-01  6.6429e-04
   -4.0000  8.8619e-01  8.6706e-04
   -3.0000  6.9756e-01  1.1727e-03
   -2.0000  3.6096e-01  9.9669e-04
   -1.0000  1.6645e-01  9.9503e-04
    0.0000  9.9660e-02  1.2465e-03
    1.0000  1.6650e-01  1.0092e-03
    2.0000  3.4503e-01  9.6255e-04
    3.0000  6.6832e-01  1.0746e-03
    4.0000  8.7165e-01  8.5544e-04
    5.0000  9.5237e-01  6.7853e-04
    6.0000  9.8190e-01  6.0195e-04
    7.0000  9.8559e-01  5.4715e-04
    8.0000  9.8731e-01  5.0532e-04
    9.0000  9.8814e-01  4.8106e-04
   10.0000  9.9067e-01  4.7020e-04
   11.0000  9.9165e-01  4.6268e-04
   12.0000  9.9168e-01  4.5408e-04
   13.0000  9.9286e-01  4.5390e-04
   14.0000  9.9324e-01  4.5121e-04
   15.0000  9.9307e-01  4.5024e-04
   16.0000  9.9314e-01  4.4630e-04
   17.0000  9.9474e-01  4.5691e-04
   18.0000  9.9419e-01  4.5442e-04
   19.0000  9.9235e-01  4.4331e-04
   20.0000  9.9209e-01  4.3585e-04
   21.0000  9.9230e-01  4.2894e-04
   22.0000  9.9361e-01  4.3285e-04
   23.0000  9.9452e-01  4.4022e-04
   24.0000  9.9235e-01  4.2791e-04
   25.0000  9.9275e-01  4.2059e-04
   26.0000  9.9453e-01  4.1789e-04
   27.0000  9.9481e-01  4.1932e-04
   28.0000  9.9573e-01  4.2371e-04
   29.0000  9.9557e-01  4.2616e-04
   30.0000  9.9668e-01  4.2706e-04
   31.0000  9.9614e-01  4.3114e-04
   32.0000  9.9633e-01  4.2601e-04
   33.0000  9.9650e-01  4.2358e-04
   34.0000  9.9690e-01  4.2987e-04
   35.0000  9.9693e-01  4.2998e-04
   36.0000  9.9650e-01  4.2105e-04
   37.0000  9.9747e-01  4.1719e-04
   38.0000  9.9709e-01  4.1953e-04
   39.0000  9.9559e-01  4.0479e-04
   40.0000  9.9601e-01  4.0302e-04
   41.0000  9.9628e-01  4.0017e-04
   42.0000  9.9634e-01  3.9896e-04
   43.0000  9.9610e-01  4.0450e-04
   44.0000  9.9675e-01  4.0150e-04
   45.0000  9.9635e-01  3.9801e-04
   46.0000  9.9678e-01  4.0144e-04
   47.0000  9.9681e-01  4.0759e-04
   48.0000  9.9669e-01  4.0679e-04
   49.0000  9.9751e-01  4.0634e-04
   50.0000  9.9658e-01  3.9980e-04
   51.0000  9.9685e-01  3.9856e-04
   52.0000  9.9760e-01  4.0510e-04
   53.0000  9.9760e-01  3.9949e-04
   54.0000  9.9749e-01  4.0169e-04
   55.0000  9.9847e-01  4.0652e-04
   56.0000  9.9802e-01  4.0017e-04
   57.0000  9.9731e-01  3.9461e-04
   58.0000  9.9725e-01  3.8764e-04
   59.0000  9.9848e-01  3.9062e-04
   60.0000  9.9921e-01  3.9578e-04
   61.0000  9.9829e-01  3.8955e-04
   62.0000  9.9776e-01  3.9222e-04
   63.0000  9.9852e-01  3.9885e-04
   64.0000  9.9798e-01  3.9865e-04
   65.0000  9.9836e-01  3.9500e-04
   66.0000  9.9826e-01  3.9266e-04
   67.0000  9.9882e-01  3.9647e-04
   68.0000  9.9821e-01  3.9240e-04
   69.0000  9.9791e-01  3.8777e-04
   70.0000  9.9807e-01  3.8947e-04
   71.0000  9.9798e-01  3.9521e-04
   72.0000  9.9814e-01  3.9502e-04
   73.0000  9.9791e-01  3.9023e-04
   74.0000  9.9750e-01  3.8994e-04
   75.0000  9.9794e-01  3.9392e-04
   76.0000  9.9821e-01  3.9606e-04
   77.0000  9.9853e-01  3.9593e-04
   78.0000  9.9883e-01  3.9564e-04
   79.0000  9.9857e-01  3.9049e-04
   80.0000  9.9961e-01  3.9207e-04
   81.0000  9.9944e-01  3.8886e-04
   82.0000  9.9919e-01  3.8826e-04
   83.0000  9.9972e-01  3.9600e-04
   84.0000  1.0002e+00  4.0387e-04
   85.0000  9.9880e-01  3.9967e-04
   86.0000  9.9934e-01  3.9795e-04
   87.0000  9.9848e-01  3.9179e-04
   88.0000  9.9812e-01  3.9180e-04
   89.0000  9.9840e-01  3.9054e-04
   90.0000  9.9830e-01  3.9152e-04
   91.0000  9.9808e-01  3.8855e-04
   92.0000  9.9683e-01  3.8068e-04
   93.0000  9.9701e-01  3.8063e-04
   94.0000  9.9682e-01  3.7898e-04
   95.0000  9.9781e-01  3.8552e-04
   96.0000  9.9775e-01  3.8936e-04
   97.0000  9.9813e-01  3.8376e-04
   98.0000  9.9798e-01  3.8403e-04
   99.0000  9.9821e-01  3.8164e-04
  100.0000  9.9808e-01  3.8765e-04
