***c_teff5000_logg4.57_mh-0.24_alpha0.1_vmic1.0_lsd.out
 93 2
  -80.0000  9.9432e-01  1.6583e-03
  -78.2500  9.9290e-01  1.6512e-03
  -76.5000  9.9372e-01  1.6521e-03
  -74.7500  9.9534e-01  1.6525e-03
  -73.0000  9.9544e-01  1.6555e-03
  -71.2500  9.9516e-01  1.6565e-03
  -69.5000  9.9384e-01  1.6571e-03
  -67.7500  9.9456e-01  1.6533e-03
  -66.0000  9.9647e-01  1.6483e-03
  -64.2500  9.9844e-01  1.6439e-03
  -62.5000  9.9761e-01  1.6445e-03
  -60.7500  9.9554e-01  1.6465e-03
  -59.0000  9.9492e-01  1.6489e-03
  -57.2500  9.9453e-01  1.6509e-03
  -55.5000  9.9442e-01  1.6522e-03
  -53.7500  9.9392e-01  1.6499e-03
  -52.0000  9.9395e-01  1.6489e-03
  -50.2500  9.9288e-01  1.6472e-03
  -48.5000  9.9237e-01  1.6471e-03
  -46.7500  9.9194e-01  1.6471e-03
  -45.0000  9.9095e-01  1.6471e-03
  -43.2500  9.9092e-01  1.6485e-03
  -41.5000  9.9200e-01  1.6498e-03
  -39.7500  9.9249e-01  1.6521e-03
  -38.0000  9.9265e-01  1.6524e-03
  -36.2500  9.9256e-01  1.6528e-03
  -34.5000  9.9219e-01  1.6527e-03
  -32.7500  9.9166e-01  1.6540e-03
  -31.0000  9.9153e-01  1.6557e-03
  -29.2500  9.8958e-01  1.6605e-03
  -27.5000  9.8656e-01  1.6629e-03
  -25.7500  9.8518e-01  1.6620e-03
  -24.0000  9.8508e-01  1.6607e-03
  -22.2500  9.8454e-01  1.6587e-03
  -20.5000  9.8275e-01  1.6589e-03
  -18.7500  9.7977e-01  1.6666e-03
  -17.0000  9.7590e-01  1.6768e-03
  -15.2500  9.7378e-01  1.6822e-03
  -13.5000  9.7242e-01  1.6849e-03
  -11.7500  9.6931e-01  1.6895e-03
  -10.0000  9.6267e-01  1.6974e-03
   -8.2500  9.5011e-01  1.7109e-03
   -6.5000  9.2458e-01  1.7471e-03
   -4.7500  8.4637e-01  1.8775e-03
   -3.0000  6.7189e-01  2.1739e-03
   -1.2500  4.8542e-01  2.5289e-03
    0.5000  4.4530e-01  2.6184e-03
    2.2500  5.8263e-01  2.3385e-03
    4.0000  7.8383e-01  1.9833e-03
    5.7500  9.0308e-01  1.7844e-03
    7.5000  9.4497e-01  1.7182e-03
    9.2500  9.5969e-01  1.6992e-03
   11.0000  9.6755e-01  1.6925e-03
   12.7500  9.7184e-01  1.6886e-03
   14.5000  9.7644e-01  1.6829e-03
   16.2500  9.8148e-01  1.6751e-03
   18.0000  9.8440e-01  1.6670e-03
   19.7500  9.8501e-01  1.6629e-03
   21.5000  9.8562e-01  1.6630e-03
   23.2500  9.8637e-01  1.6607e-03
   25.0000  9.8656e-01  1.6607e-03
   26.7500  9.8778e-01  1.6608e-03
   28.5000  9.8710e-01  1.6608e-03
   30.2500  9.8520e-01  1.6608e-03
   32.0000  9.8570e-01  1.6600e-03
   33.7500  9.8743e-01  1.6551e-03
   35.5000  9.8812e-01  1.6545e-03
   37.2500  9.8822e-01  1.6540e-03
   39.0000  9.8949e-01  1.6514e-03
   40.7500  9.9070e-01  1.6505e-03
   42.5000  9.9229e-01  1.6485e-03
   44.2500  9.9431e-01  1.6453e-03
   46.0000  9.9392e-01  1.6454e-03
   47.7500  9.9143e-01  1.6490e-03
   49.5000  9.8923e-01  1.6509e-03
   51.2500  9.8999e-01  1.6508e-03
   53.0000  9.9161e-01  1.6514e-03
   54.7500  9.9162e-01  1.6514e-03
   56.5000  9.9252e-01  1.6507e-03
   58.2500  9.9347e-01  1.6478e-03
   60.0000  9.9409e-01  1.6444e-03
   61.7500  9.9443e-01  1.6437e-03
   63.5000  9.9392e-01  1.6457e-03
   65.2500  9.9308e-01  1.6473e-03
   67.0000  9.9261e-01  1.6511e-03
   68.7500  9.9243e-01  1.6529e-03
   70.5000  9.9300e-01  1.6527e-03
   72.2500  9.9315e-01  1.6550e-03
   74.0000  9.9384e-01  1.6534e-03
   75.7500  9.9247e-01  1.6505e-03
   77.5000  9.9053e-01  1.6523e-03
   79.2500  9.9247e-01  1.6518e-03
   81.0000  9.9451e-01  1.6521e-03
