***c_teff3900_logg4.57_mh-0.24_alpha0.1_vmic1.0_lsd.out
 93 2
  -80.0000  9.8405e-01  2.2200e-03
  -78.2500  9.8408e-01  2.2111e-03
  -76.5000  9.8343e-01  2.2116e-03
  -74.7500  9.8347e-01  2.2128e-03
  -73.0000  9.8348e-01  2.2176e-03
  -71.2500  9.8432e-01  2.2200e-03
  -69.5000  9.8448e-01  2.2190e-03
  -67.7500  9.8420e-01  2.2117e-03
  -66.0000  9.8520e-01  2.2056e-03
  -64.2500  9.8588e-01  2.2028e-03
  -62.5000  9.8539e-01  2.2033e-03
  -60.7500  9.8490e-01  2.2042e-03
  -59.0000  9.8477e-01  2.2063e-03
  -57.2500  9.8406e-01  2.2086e-03
  -55.5000  9.8334e-01  2.2130e-03
  -53.7500  9.8462e-01  2.2136e-03
  -52.0000  9.8502e-01  2.2141e-03
  -50.2500  9.8391e-01  2.2119e-03
  -48.5000  9.8225e-01  2.2102e-03
  -46.7500  9.8071e-01  2.2117e-03
  -45.0000  9.7866e-01  2.2148e-03
  -43.2500  9.7744e-01  2.2191e-03
  -41.5000  9.7833e-01  2.2198e-03
  -39.7500  9.7904e-01  2.2218e-03
  -38.0000  9.7794e-01  2.2237e-03
  -36.2500  9.7613e-01  2.2253e-03
  -34.5000  9.7475e-01  2.2269e-03
  -32.7500  9.7296e-01  2.2295e-03
  -31.0000  9.7200e-01  2.2327e-03
  -29.2500  9.7159e-01  2.2390e-03
  -27.5000  9.6998e-01  2.2438e-03
  -25.7500  9.6841e-01  2.2453e-03
  -24.0000  9.6771e-01  2.2455e-03
  -22.2500  9.6596e-01  2.2459e-03
  -20.5000  9.6251e-01  2.2507e-03
  -18.7500  9.5908e-01  2.2619e-03
  -17.0000  9.5428e-01  2.2756e-03
  -15.2500  9.4974e-01  2.2859e-03
  -13.5000  9.4650e-01  2.2934e-03
  -11.7500  9.4352e-01  2.2972e-03
  -10.0000  9.3723e-01  2.3073e-03
   -8.2500  9.2576e-01  2.3275e-03
   -6.5000  9.0202e-01  2.3817e-03
   -4.7500  8.3462e-01  2.5536e-03
   -3.0000  6.8354e-01  2.9427e-03
   -1.2500  5.2168e-01  3.4169e-03
    0.5000  4.8644e-01  3.5363e-03
    2.2500  6.0595e-01  3.1610e-03
    4.0000  7.7806e-01  2.6947e-03
    5.7500  8.7984e-01  2.4385e-03
    7.5000  9.1696e-01  2.3483e-03
    9.2500  9.3342e-01  2.3146e-03
   11.0000  9.4322e-01  2.2980e-03
   12.7500  9.4896e-01  2.2883e-03
   14.5000  9.5118e-01  2.2846e-03
   16.2500  9.5457e-01  2.2755e-03
   18.0000  9.5964e-01  2.2609e-03
   19.7500  9.6257e-01  2.2504e-03
   21.5000  9.6487e-01  2.2450e-03
   23.2500  9.6920e-01  2.2357e-03
   25.0000  9.7207e-01  2.2347e-03
   26.7500  9.7245e-01  2.2385e-03
   28.5000  9.7127e-01  2.2398e-03
   30.2500  9.7026e-01  2.2384e-03
   32.0000  9.7074e-01  2.2362e-03
   33.7500  9.7178e-01  2.2307e-03
   35.5000  9.7200e-01  2.2297e-03
   37.2500  9.7366e-01  2.2257e-03
   39.0000  9.7478e-01  2.2225e-03
   40.7500  9.7705e-01  2.2208e-03
   42.5000  9.7997e-01  2.2157e-03
   44.2500  9.8143e-01  2.2103e-03
   46.0000  9.8049e-01  2.2104e-03
   47.7500  9.7877e-01  2.2141e-03
   49.5000  9.7652e-01  2.2179e-03
   51.2500  9.7544e-01  2.2215e-03
   53.0000  9.7665e-01  2.2226e-03
   54.7500  9.7821e-01  2.2200e-03
   56.5000  9.7840e-01  2.2186e-03
   58.2500  9.7977e-01  2.2151e-03
   60.0000  9.7979e-01  2.2130e-03
   61.7500  9.8001e-01  2.2123e-03
   63.5000  9.8183e-01  2.2098e-03
   65.2500  9.8299e-01  2.2067e-03
   67.0000  9.8240e-01  2.2100e-03
   68.7500  9.8178e-01  2.2127e-03
   70.5000  9.8099e-01  2.2136e-03
   72.2500  9.8030e-01  2.2159e-03
   74.0000  9.8059e-01  2.2160e-03
   75.7500  9.8142e-01  2.2141e-03
   77.5000  9.8117e-01  2.2163e-03
   79.2500  9.8052e-01  2.2178e-03
   81.0000  9.8249e-01  2.2149e-03
