***c_teff3000_logg4.57_mh-0.24_alpha0.1_vmic1.0_lsd.out
 93 2
  -80.0000  9.6049e-01  3.1167e-03
  -78.2500  9.6024e-01  3.1055e-03
  -76.5000  9.5817e-01  3.1064e-03
  -74.7500  9.5655e-01  3.1083e-03
  -73.0000  9.5709e-01  3.1160e-03
  -71.2500  9.5801e-01  3.1182e-03
  -69.5000  9.5828e-01  3.1162e-03
  -67.7500  9.5723e-01  3.1072e-03
  -66.0000  9.5817e-01  3.0982e-03
  -64.2500  9.5979e-01  3.0934e-03
  -62.5000  9.6031e-01  3.0908e-03
  -60.7500  9.5996e-01  3.0890e-03
  -59.0000  9.5747e-01  3.0934e-03
  -57.2500  9.5469e-01  3.1012e-03
  -55.5000  9.5508e-01  3.1107e-03
  -53.7500  9.5740e-01  3.1145e-03
  -52.0000  9.5821e-01  3.1179e-03
  -50.2500  9.5693e-01  3.1152e-03
  -48.5000  9.5411e-01  3.1129e-03
  -46.7500  9.5152e-01  3.1167e-03
  -45.0000  9.5067e-01  3.1207e-03
  -43.2500  9.4890e-01  3.1290e-03
  -41.5000  9.4746e-01  3.1336e-03
  -39.7500  9.4557e-01  3.1402e-03
  -38.0000  9.4409e-01  3.1472e-03
  -36.2500  9.4254e-01  3.1525e-03
  -34.5000  9.4041e-01  3.1547e-03
  -32.7500  9.3769e-01  3.1550e-03
  -31.0000  9.3793e-01  3.1563e-03
  -29.2500  9.3811e-01  3.1664e-03
  -27.5000  9.3659e-01  3.1786e-03
  -25.7500  9.3330e-01  3.1887e-03
  -24.0000  9.3215e-01  3.1935e-03
  -22.2500  9.3113e-01  3.1972e-03
  -20.5000  9.2826e-01  3.2065e-03
  -18.7500  9.2369e-01  3.2256e-03
  -17.0000  9.1855e-01  3.2491e-03
  -15.2500  9.1309e-01  3.2667e-03
  -13.5000  9.0917e-01  3.2810e-03
  -11.7500  9.0513e-01  3.2953e-03
  -10.0000  8.9839e-01  3.3192e-03
   -8.2500  8.8839e-01  3.3600e-03
   -6.5000  8.6613e-01  3.4561e-03
   -4.7500  8.1696e-01  3.7016e-03
   -3.0000  7.2047e-01  4.2142e-03
   -1.2500  6.1669e-01  4.8232e-03
    0.5000  5.9326e-01  4.9792e-03
    2.2500  6.6817e-01  4.5033e-03
    4.0000  7.7655e-01  3.9007e-03
    5.7500  8.4498e-01  3.5489e-03
    7.5000  8.7689e-01  3.4055e-03
    9.2500  8.9374e-01  3.3396e-03
   11.0000  9.0398e-01  3.3039e-03
   12.7500  9.1119e-01  3.2811e-03
   14.5000  9.1597e-01  3.2676e-03
   16.2500  9.1943e-01  3.2523e-03
   18.0000  9.2368e-01  3.2291e-03
   19.7500  9.2700e-01  3.2065e-03
   21.5000  9.2887e-01  3.1919e-03
   23.2500  9.3263e-01  3.1743e-03
   25.0000  9.3607e-01  3.1679e-03
   26.7500  9.3641e-01  3.1723e-03
   28.5000  9.3498e-01  3.1745e-03
   30.2500  9.3428e-01  3.1720e-03
   32.0000  9.3515e-01  3.1671e-03
   33.7500  9.3711e-01  3.1583e-03
   35.5000  9.3782e-01  3.1598e-03
   37.2500  9.3921e-01  3.1568e-03
   39.0000  9.4064e-01  3.1516e-03
   40.7500  9.4438e-01  3.1426e-03
   42.5000  9.4828e-01  3.1265e-03
   44.2500  9.5041e-01  3.1134e-03
   46.0000  9.4981e-01  3.1135e-03
   47.7500  9.4786e-01  3.1222e-03
   49.5000  9.4748e-01  3.1295e-03
   51.2500  9.4672e-01  3.1337e-03
   53.0000  9.4632e-01  3.1365e-03
   54.7500  9.4839e-01  3.1327e-03
   56.5000  9.4924e-01  3.1299e-03
   58.2500  9.4996e-01  3.1229e-03
   60.0000  9.5016e-01  3.1214e-03
   61.7500  9.5136e-01  3.1227e-03
   63.5000  9.5363e-01  3.1155e-03
   65.2500  9.5467e-01  3.1056e-03
   67.0000  9.5409e-01  3.1028e-03
   68.7500  9.5402e-01  3.0988e-03
   70.5000  9.5450e-01  3.0978e-03
   72.2500  9.5354e-01  3.1033e-03
   74.0000  9.5286e-01  3.1064e-03
   75.7500  9.5427e-01  3.1043e-03
   77.5000  9.5429e-01  3.1086e-03
   79.2500  9.5320e-01  3.1147e-03
   81.0000  9.5106e-01  3.1108e-03
