***c_teff3800_logg4.57_mh-0.24_alpha0.1_vmic1.0_lsd.out
 93 2
  -80.0000  9.8232e-01  2.2562e-03
  -78.2500  9.8272e-01  2.2470e-03
  -76.5000  9.8199e-01  2.2468e-03
  -74.7500  9.8182e-01  2.2477e-03
  -73.0000  9.8192e-01  2.2528e-03
  -71.2500  9.8281e-01  2.2551e-03
  -69.5000  9.8295e-01  2.2540e-03
  -67.7500  9.8258e-01  2.2463e-03
  -66.0000  9.8333e-01  2.2398e-03
  -64.2500  9.8365e-01  2.2374e-03
  -62.5000  9.8328e-01  2.2383e-03
  -60.7500  9.8297e-01  2.2391e-03
  -59.0000  9.8269e-01  2.2412e-03
  -57.2500  9.8175e-01  2.2433e-03
  -55.5000  9.8097e-01  2.2479e-03
  -53.7500  9.8234e-01  2.2489e-03
  -52.0000  9.8262e-01  2.2497e-03
  -50.2500  9.8164e-01  2.2472e-03
  -48.5000  9.8001e-01  2.2453e-03
  -46.7500  9.7861e-01  2.2466e-03
  -45.0000  9.7673e-01  2.2495e-03
  -43.2500  9.7539e-01  2.2542e-03
  -41.5000  9.7579e-01  2.2552e-03
  -39.7500  9.7591e-01  2.2576e-03
  -38.0000  9.7429e-01  2.2611e-03
  -36.2500  9.7263e-01  2.2635e-03
  -34.5000  9.7164e-01  2.2650e-03
  -32.7500  9.7030e-01  2.2669e-03
  -31.0000  9.6968e-01  2.2696e-03
  -29.2500  9.6910e-01  2.2760e-03
  -27.5000  9.6714e-01  2.2814e-03
  -25.7500  9.6533e-01  2.2832e-03
  -24.0000  9.6482e-01  2.2831e-03
  -22.2500  9.6332e-01  2.2834e-03
  -20.5000  9.6018e-01  2.2882e-03
  -18.7500  9.5666e-01  2.3001e-03
  -17.0000  9.5128e-01  2.3149e-03
  -15.2500  9.4609e-01  2.3260e-03
  -13.5000  9.4285e-01  2.3337e-03
  -11.7500  9.4018e-01  2.3379e-03
  -10.0000  9.3430e-01  2.3484e-03
   -8.2500  9.2306e-01  2.3697e-03
   -6.5000  8.9906e-01  2.4279e-03
   -4.7500  8.3070e-01  2.6130e-03
   -3.0000  6.7649e-01  3.0327e-03
   -1.2500  5.1066e-01  3.5442e-03
    0.5000  4.7471e-01  3.6728e-03
    2.2500  5.9693e-01  3.2682e-03
    4.0000  7.7319e-01  2.7646e-03
    5.7500  8.7647e-01  2.4886e-03
    7.5000  9.1372e-01  2.3922e-03
    9.2500  9.3044e-01  2.3563e-03
   11.0000  9.4033e-01  2.3385e-03
   12.7500  9.4600e-01  2.3277e-03
   14.5000  9.4834e-01  2.3235e-03
   16.2500  9.5174e-01  2.3146e-03
   18.0000  9.5690e-01  2.2997e-03
   19.7500  9.6000e-01  2.2885e-03
   21.5000  9.6229e-01  2.2828e-03
   23.2500  9.6656e-01  2.2727e-03
   25.0000  9.6948e-01  2.2712e-03
   26.7500  9.6989e-01  2.2754e-03
   28.5000  9.6870e-01  2.2767e-03
   30.2500  9.6768e-01  2.2751e-03
   32.0000  9.6855e-01  2.2723e-03
   33.7500  9.6996e-01  2.2667e-03
   35.5000  9.7014e-01  2.2662e-03
   37.2500  9.7181e-01  2.2620e-03
   39.0000  9.7309e-01  2.2577e-03
   40.7500  9.7561e-01  2.2552e-03
   42.5000  9.7888e-01  2.2491e-03
   44.2500  9.8061e-01  2.2430e-03
   46.0000  9.7971e-01  2.2435e-03
   47.7500  9.7755e-01  2.2474e-03
   49.5000  9.7513e-01  2.2513e-03
   51.2500  9.7386e-01  2.2555e-03
   53.0000  9.7473e-01  2.2575e-03
   54.7500  9.7614e-01  2.2556e-03
   56.5000  9.7648e-01  2.2549e-03
   58.2500  9.7800e-01  2.2512e-03
   60.0000  9.7842e-01  2.2493e-03
   61.7500  9.7888e-01  2.2489e-03
   63.5000  9.8089e-01  2.2455e-03
   65.2500  9.8223e-01  2.2414e-03
   67.0000  9.8133e-01  2.2443e-03
   68.7500  9.8047e-01  2.2466e-03
   70.5000  9.7961e-01  2.2478e-03
   72.2500  9.7880e-01  2.2504e-03
   74.0000  9.7902e-01  2.2501e-03
   75.7500  9.7982e-01  2.2480e-03
   77.5000  9.7932e-01  2.2504e-03
   79.2500  9.7841e-01  2.2522e-03
   81.0000  9.7981e-01  2.2491e-03
