***c_teff3500_logg4.57_mh-0.24_alpha0.1_vmic1.0_lsd.out
 93 2
  -80.0000  9.7888e-01  2.4226e-03
  -78.2500  9.7934e-01  2.4125e-03
  -76.5000  9.7830e-01  2.4119e-03
  -74.7500  9.7742e-01  2.4137e-03
  -73.0000  9.7724e-01  2.4202e-03
  -71.2500  9.7810e-01  2.4226e-03
  -69.5000  9.7827e-01  2.4210e-03
  -67.7500  9.7809e-01  2.4125e-03
  -66.0000  9.7880e-01  2.4052e-03
  -64.2500  9.7933e-01  2.4026e-03
  -62.5000  9.7931e-01  2.4031e-03
  -60.7500  9.7906e-01  2.4034e-03
  -59.0000  9.7797e-01  2.4058e-03
  -57.2500  9.7647e-01  2.4092e-03
  -55.5000  9.7604e-01  2.4148e-03
  -53.7500  9.7763e-01  2.4170e-03
  -52.0000  9.7779e-01  2.4185e-03
  -50.2500  9.7671e-01  2.4154e-03
  -48.5000  9.7530e-01  2.4127e-03
  -46.7500  9.7407e-01  2.4137e-03
  -45.0000  9.7279e-01  2.4160e-03
  -43.2500  9.7160e-01  2.4213e-03
  -41.5000  9.7169e-01  2.4230e-03
  -39.7500  9.7122e-01  2.4266e-03
  -38.0000  9.6908e-01  2.4322e-03
  -36.2500  9.6712e-01  2.4359e-03
  -34.5000  9.6568e-01  2.4375e-03
  -32.7500  9.6412e-01  2.4385e-03
  -31.0000  9.6403e-01  2.4402e-03
  -29.2500  9.6346e-01  2.4479e-03
  -27.5000  9.6126e-01  2.4553e-03
  -25.7500  9.5870e-01  2.4585e-03
  -24.0000  9.5780e-01  2.4592e-03
  -22.2500  9.5596e-01  2.4604e-03
  -20.5000  9.5295e-01  2.4657e-03
  -18.7500  9.4935e-01  2.4793e-03
  -17.0000  9.4412e-01  2.4963e-03
  -15.2500  9.3876e-01  2.5084e-03
  -13.5000  9.3537e-01  2.5172e-03
  -11.7500  9.3280e-01  2.5237e-03
  -10.0000  9.2685e-01  2.5367e-03
   -8.2500  9.1606e-01  2.5621e-03
   -6.5000  8.9252e-01  2.6300e-03
   -4.7500  8.2848e-01  2.8379e-03
   -3.0000  6.8543e-01  3.3026e-03
   -1.2500  5.2873e-01  3.8688e-03
    0.5000  4.9418e-01  4.0125e-03
    2.2500  6.0953e-01  3.5634e-03
    4.0000  7.7371e-01  3.0065e-03
    5.7500  8.6960e-01  2.6979e-03
    7.5000  9.0585e-01  2.5883e-03
    9.2500  9.2282e-01  2.5460e-03
   11.0000  9.3303e-01  2.5245e-03
   12.7500  9.3908e-01  2.5111e-03
   14.5000  9.4197e-01  2.5048e-03
   16.2500  9.4505e-01  2.4952e-03
   18.0000  9.4987e-01  2.4792e-03
   19.7500  9.5339e-01  2.4655e-03
   21.5000  9.5582e-01  2.4577e-03
   23.2500  9.5992e-01  2.4459e-03
   25.0000  9.6279e-01  2.4430e-03
   26.7500  9.6323e-01  2.4478e-03
   28.5000  9.6196e-01  2.4494e-03
   30.2500  9.6081e-01  2.4476e-03
   32.0000  9.6195e-01  2.4441e-03
   33.7500  9.6368e-01  2.4381e-03
   35.5000  9.6370e-01  2.4386e-03
   37.2500  9.6528e-01  2.4346e-03
   39.0000  9.6632e-01  2.4295e-03
   40.7500  9.6913e-01  2.4254e-03
   42.5000  9.7295e-01  2.4170e-03
   44.2500  9.7519e-01  2.4095e-03
   46.0000  9.7458e-01  2.4102e-03
   47.7500  9.7249e-01  2.4152e-03
   49.5000  9.7041e-01  2.4194e-03
   51.2500  9.6924e-01  2.4236e-03
   53.0000  9.6944e-01  2.4267e-03
   54.7500  9.7044e-01  2.4252e-03
   56.5000  9.7069e-01  2.4244e-03
   58.2500  9.7209e-01  2.4195e-03
   60.0000  9.7238e-01  2.4176e-03
   61.7500  9.7294e-01  2.4179e-03
   63.5000  9.7544e-01  2.4133e-03
   65.2500  9.7699e-01  2.4073e-03
   67.0000  9.7633e-01  2.4092e-03
   68.7500  9.7584e-01  2.4098e-03
   70.5000  9.7523e-01  2.4104e-03
   72.2500  9.7426e-01  2.4140e-03
   74.0000  9.7428e-01  2.4141e-03
   75.7500  9.7561e-01  2.4116e-03
   77.5000  9.7539e-01  2.4147e-03
   79.2500  9.7453e-01  2.4175e-03
   81.0000  9.7446e-01  2.4143e-03
