***c_teff4900_logg4.57_mh-0.24_alpha0.1_vmic1.0_lsd.out
 93 2
  -80.0000  9.9342e-01  1.7093e-03
  -78.2500  9.9215e-01  1.7019e-03
  -76.5000  9.9300e-01  1.7028e-03
  -74.7500  9.9456e-01  1.7034e-03
  -73.0000  9.9465e-01  1.7066e-03
  -71.2500  9.9444e-01  1.7076e-03
  -69.5000  9.9317e-01  1.7082e-03
  -67.7500  9.9400e-01  1.7041e-03
  -66.0000  9.9584e-01  1.6989e-03
  -64.2500  9.9783e-01  1.6943e-03
  -62.5000  9.9709e-01  1.6947e-03
  -60.7500  9.9503e-01  1.6968e-03
  -59.0000  9.9433e-01  1.6993e-03
  -57.2500  9.9392e-01  1.7015e-03
  -55.5000  9.9380e-01  1.7028e-03
  -53.7500  9.9332e-01  1.7004e-03
  -52.0000  9.9340e-01  1.6995e-03
  -50.2500  9.9226e-01  1.6977e-03
  -48.5000  9.9182e-01  1.6973e-03
  -46.7500  9.9142e-01  1.6973e-03
  -45.0000  9.9014e-01  1.6976e-03
  -43.2500  9.8997e-01  1.6993e-03
  -41.5000  9.9103e-01  1.7007e-03
  -39.7500  9.9162e-01  1.7030e-03
  -38.0000  9.9179e-01  1.7033e-03
  -36.2500  9.9177e-01  1.7036e-03
  -34.5000  9.9128e-01  1.7035e-03
  -32.7500  9.9060e-01  1.7050e-03
  -31.0000  9.9045e-01  1.7068e-03
  -29.2500  9.8847e-01  1.7119e-03
  -27.5000  9.8536e-01  1.7148e-03
  -25.7500  9.8382e-01  1.7140e-03
  -24.0000  9.8370e-01  1.7127e-03
  -22.2500  9.8296e-01  1.7108e-03
  -20.5000  9.8089e-01  1.7112e-03
  -18.7500  9.7785e-01  1.7194e-03
  -17.0000  9.7399e-01  1.7301e-03
  -15.2500  9.7158e-01  1.7360e-03
  -13.5000  9.7016e-01  1.7390e-03
  -11.7500  9.6697e-01  1.7439e-03
  -10.0000  9.6012e-01  1.7525e-03
   -8.2500  9.4717e-01  1.7672e-03
   -6.5000  9.2100e-01  1.8063e-03
   -4.7500  8.4119e-01  1.9452e-03
   -3.0000  6.6279e-01  2.2604e-03
   -1.2500  4.7373e-01  2.6381e-03
    0.5000  4.3372e-01  2.7329e-03
    2.2500  5.7202e-01  2.4354e-03
    4.0000  7.7719e-01  2.0578e-03
    5.7500  8.9873e-01  1.8465e-03
    7.5000  9.4158e-01  1.7757e-03
    9.2500  9.5696e-01  1.7549e-03
   11.0000  9.6521e-01  1.7473e-03
   12.7500  9.6976e-01  1.7428e-03
   14.5000  9.7436e-01  1.7368e-03
   16.2500  9.7957e-01  1.7285e-03
   18.0000  9.8275e-01  1.7197e-03
   19.7500  9.8346e-01  1.7152e-03
   21.5000  9.8413e-01  1.7151e-03
   23.2500  9.8501e-01  1.7127e-03
   25.0000  9.8529e-01  1.7127e-03
   26.7500  9.8643e-01  1.7127e-03
   28.5000  9.8581e-01  1.7127e-03
   30.2500  9.8394e-01  1.7127e-03
   32.0000  9.8448e-01  1.7117e-03
   33.7500  9.8615e-01  1.7065e-03
   35.5000  9.8692e-01  1.7058e-03
   37.2500  9.8720e-01  1.7050e-03
   39.0000  9.8856e-01  1.7023e-03
   40.7500  9.8962e-01  1.7015e-03
   42.5000  9.9107e-01  1.6994e-03
   44.2500  9.9310e-01  1.6960e-03
   46.0000  9.9280e-01  1.6960e-03
   47.7500  9.9038e-01  1.6997e-03
   49.5000  9.8824e-01  1.7018e-03
   51.2500  9.8895e-01  1.7017e-03
   53.0000  9.9069e-01  1.7022e-03
   54.7500  9.9086e-01  1.7020e-03
   56.5000  9.9185e-01  1.7011e-03
   58.2500  9.9278e-01  1.6981e-03
   60.0000  9.9335e-01  1.6946e-03
   61.7500  9.9366e-01  1.6940e-03
   63.5000  9.9323e-01  1.6962e-03
   65.2500  9.9246e-01  1.6978e-03
   67.0000  9.9191e-01  1.7018e-03
   68.7500  9.9164e-01  1.7037e-03
   70.5000  9.9229e-01  1.7034e-03
   72.2500  9.9248e-01  1.7056e-03
   74.0000  9.9310e-01  1.7039e-03
   75.7500  9.9165e-01  1.7011e-03
   77.5000  9.8984e-01  1.7032e-03
   79.2500  9.9177e-01  1.7026e-03
   81.0000  9.9410e-01  1.7027e-03
