***c_teff3200_logg4.57_mh-0.24_alpha0.1_vmic1.0_lsd.out
 93 2
  -80.0000  9.7217e-01  2.7361e-03
  -78.2500  9.7205e-01  2.7256e-03
  -76.5000  9.7058e-01  2.7255e-03
  -74.7500  9.6936e-01  2.7273e-03
  -73.0000  9.6949e-01  2.7346e-03
  -71.2500  9.7039e-01  2.7371e-03
  -69.5000  9.7066e-01  2.7354e-03
  -67.7500  9.7014e-01  2.7268e-03
  -66.0000  9.7084e-01  2.7189e-03
  -64.2500  9.7176e-01  2.7153e-03
  -62.5000  9.7213e-01  2.7143e-03
  -60.7500  9.7193e-01  2.7135e-03
  -59.0000  9.6994e-01  2.7166e-03
  -57.2500  9.6768e-01  2.7220e-03
  -55.5000  9.6772e-01  2.7293e-03
  -53.7500  9.6967e-01  2.7325e-03
  -52.0000  9.7006e-01  2.7350e-03
  -50.2500  9.6884e-01  2.7319e-03
  -48.5000  9.6691e-01  2.7290e-03
  -46.7500  9.6510e-01  2.7310e-03
  -45.0000  9.6411e-01  2.7341e-03
  -43.2500  9.6275e-01  2.7406e-03
  -41.5000  9.6200e-01  2.7434e-03
  -39.7500  9.6070e-01  2.7481e-03
  -38.0000  9.5898e-01  2.7544e-03
  -36.2500  9.5730e-01  2.7587e-03
  -34.5000  9.5557e-01  2.7605e-03
  -32.7500  9.5363e-01  2.7609e-03
  -31.0000  9.5392e-01  2.7619e-03
  -29.2500  9.5385e-01  2.7704e-03
  -27.5000  9.5186e-01  2.7799e-03
  -25.7500  9.4863e-01  2.7863e-03
  -24.0000  9.4758e-01  2.7889e-03
  -22.2500  9.4623e-01  2.7912e-03
  -20.5000  9.4328e-01  2.7980e-03
  -18.7500  9.3924e-01  2.8135e-03
  -17.0000  9.3434e-01  2.8325e-03
  -15.2500  9.2907e-01  2.8463e-03
  -13.5000  9.2563e-01  2.8570e-03
  -11.7500  9.2247e-01  2.8664e-03
  -10.0000  9.1616e-01  2.8835e-03
   -8.2500  9.0601e-01  2.9146e-03
   -6.5000  8.8359e-01  2.9928e-03
   -4.7500  8.2856e-01  3.2133e-03
   -3.0000  7.1189e-01  3.6935e-03
   -1.2500  5.8315e-01  4.2752e-03
    0.5000  5.5396e-01  4.4243e-03
    2.2500  6.4857e-01  3.9645e-03
    4.0000  7.8184e-01  3.3929e-03
    5.7500  8.6150e-01  3.0701e-03
    7.5000  8.9495e-01  2.9486e-03
    9.2500  9.1161e-01  2.8977e-03
   11.0000  9.2158e-01  2.8710e-03
   12.7500  9.2789e-01  2.8541e-03
   14.5000  9.3164e-01  2.8451e-03
   16.2500  9.3475e-01  2.8335e-03
   18.0000  9.3915e-01  2.8147e-03
   19.7500  9.4258e-01  2.7971e-03
   21.5000  9.4484e-01  2.7863e-03
   23.2500  9.4874e-01  2.7723e-03
   25.0000  9.5192e-01  2.7682e-03
   26.7500  9.5243e-01  2.7729e-03
   28.5000  9.5109e-01  2.7750e-03
   30.2500  9.5007e-01  2.7732e-03
   32.0000  9.5092e-01  2.7694e-03
   33.7500  9.5266e-01  2.7622e-03
   35.5000  9.5285e-01  2.7633e-03
   37.2500  9.5431e-01  2.7598e-03
   39.0000  9.5534e-01  2.7548e-03
   40.7500  9.5870e-01  2.7486e-03
   42.5000  9.6287e-01  2.7365e-03
   44.2500  9.6518e-01  2.7265e-03
   46.0000  9.6456e-01  2.7272e-03
   47.7500  9.6229e-01  2.7340e-03
   49.5000  9.6086e-01  2.7399e-03
   51.2500  9.5991e-01  2.7442e-03
   53.0000  9.5983e-01  2.7471e-03
   54.7500  9.6141e-01  2.7450e-03
   56.5000  9.6199e-01  2.7434e-03
   58.2500  9.6309e-01  2.7376e-03
   60.0000  9.6322e-01  2.7359e-03
   61.7500  9.6391e-01  2.7370e-03
   63.5000  9.6658e-01  2.7311e-03
   65.2500  9.6809e-01  2.7230e-03
   67.0000  9.6789e-01  2.7224e-03
   68.7500  9.6781e-01  2.7206e-03
   70.5000  9.6767e-01  2.7206e-03
   72.2500  9.6642e-01  2.7251e-03
   74.0000  9.6600e-01  2.7265e-03
   75.7500  9.6733e-01  2.7242e-03
   77.5000  9.6728e-01  2.7278e-03
   79.2500  9.6616e-01  2.7323e-03
   81.0000  9.6500e-01  2.7289e-03
