***c_teff3100_logg4.57_mh-0.24_alpha0.1_vmic1.0_lsd.out
 93 2
  -80.0000  9.6736e-01  2.9040e-03
  -78.2500  9.6715e-01  2.8932e-03
  -76.5000  9.6542e-01  2.8936e-03
  -74.7500  9.6400e-01  2.8954e-03
  -73.0000  9.6433e-01  2.9028e-03
  -71.2500  9.6522e-01  2.9053e-03
  -69.5000  9.6552e-01  2.9034e-03
  -67.7500  9.6476e-01  2.8947e-03
  -66.0000  9.6555e-01  2.8863e-03
  -64.2500  9.6678e-01  2.8822e-03
  -62.5000  9.6725e-01  2.8805e-03
  -60.7500  9.6701e-01  2.8791e-03
  -59.0000  9.6473e-01  2.8829e-03
  -57.2500  9.6220e-01  2.8893e-03
  -55.5000  9.6241e-01  2.8976e-03
  -53.7500  9.6455e-01  2.9011e-03
  -52.0000  9.6512e-01  2.9040e-03
  -50.2500  9.6386e-01  2.9011e-03
  -48.5000  9.6153e-01  2.8983e-03
  -46.7500  9.5934e-01  2.9010e-03
  -45.0000  9.5847e-01  2.9045e-03
  -43.2500  9.5694e-01  2.9118e-03
  -41.5000  9.5585e-01  2.9153e-03
  -39.7500  9.5424e-01  2.9208e-03
  -38.0000  9.5265e-01  2.9274e-03
  -36.2500  9.5106e-01  2.9322e-03
  -34.5000  9.4914e-01  2.9341e-03
  -32.7500  9.4688e-01  2.9344e-03
  -31.0000  9.4718e-01  2.9354e-03
  -29.2500  9.4724e-01  2.9446e-03
  -27.5000  9.4543e-01  2.9553e-03
  -25.7500  9.4209e-01  2.9633e-03
  -24.0000  9.4099e-01  2.9669e-03
  -22.2500  9.3983e-01  2.9698e-03
  -20.5000  9.3692e-01  2.9776e-03
  -18.7500  9.3263e-01  2.9946e-03
  -17.0000  9.2765e-01  3.0154e-03
  -15.2500  9.2229e-01  3.0308e-03
  -13.5000  9.1866e-01  3.0428e-03
  -11.7500  9.1511e-01  3.0543e-03
  -10.0000  9.0860e-01  3.0742e-03
   -8.2500  8.9856e-01  3.1093e-03
   -6.5000  8.7623e-01  3.1950e-03
   -4.7500  8.2407e-01  3.4260e-03
   -3.0000  7.1715e-01  3.9200e-03
   -1.2500  6.0025e-01  4.5137e-03
    0.5000  5.7373e-01  4.6660e-03
    2.2500  6.5906e-01  4.1989e-03
    4.0000  7.8037e-01  3.6139e-03
    5.7500  8.5455e-01  3.2788e-03
    7.5000  8.8726e-01  3.1483e-03
    9.2500  9.0400e-01  3.0911e-03
   11.0000  9.1405e-01  3.0607e-03
   12.7500  9.2074e-01  3.0414e-03
   14.5000  9.2496e-01  3.0305e-03
   16.2500  9.2820e-01  3.0174e-03
   18.0000  9.3251e-01  2.9967e-03
   19.7500  9.3589e-01  2.9769e-03
   21.5000  9.3798e-01  2.9645e-03
   23.2500  9.4181e-01  2.9490e-03
   25.0000  9.4512e-01  2.9440e-03
   26.7500  9.4558e-01  2.9486e-03
   28.5000  9.4421e-01  2.9508e-03
   30.2500  9.4336e-01  2.9487e-03
   32.0000  9.4420e-01  2.9445e-03
   33.7500  9.4600e-01  2.9366e-03
   35.5000  9.4638e-01  2.9379e-03
   37.2500  9.4779e-01  2.9347e-03
   39.0000  9.4895e-01  2.9297e-03
   40.7500  9.5252e-01  2.9222e-03
   42.5000  9.5661e-01  2.9083e-03
   44.2500  9.5886e-01  2.8969e-03
   46.0000  9.5824e-01  2.8974e-03
   47.7500  9.5607e-01  2.9051e-03
   49.5000  9.5511e-01  2.9117e-03
   51.2500  9.5426e-01  2.9160e-03
   53.0000  9.5403e-01  2.9188e-03
   54.7500  9.5588e-01  2.9160e-03
   56.5000  9.5660e-01  2.9139e-03
   58.2500  9.5753e-01  2.9076e-03
   60.0000  9.5767e-01  2.9060e-03
   61.7500  9.5857e-01  2.9072e-03
   63.5000  9.6113e-01  2.9007e-03
   65.2500  9.6245e-01  2.8917e-03
   67.0000  9.6213e-01  2.8901e-03
   68.7500  9.6208e-01  2.8873e-03
   70.5000  9.6221e-01  2.8869e-03
   72.2500  9.6103e-01  2.8919e-03
   74.0000  9.6045e-01  2.8940e-03
   75.7500  9.6183e-01  2.8918e-03
   77.5000  9.6184e-01  2.8957e-03
   79.2500  9.6070e-01  2.9009e-03
   81.0000  9.5907e-01  2.8974e-03
