***c_teff3700_logg4.57_mh-0.24_alpha0.1_vmic1.0_lsd.out
 93 2
  -80.0000  9.8250e-01  2.2764e-03
  -78.2500  9.8273e-01  2.2672e-03
  -76.5000  9.8196e-01  2.2671e-03
  -74.7500  9.8156e-01  2.2682e-03
  -73.0000  9.8160e-01  2.2734e-03
  -71.2500  9.8252e-01  2.2758e-03
  -69.5000  9.8274e-01  2.2746e-03
  -67.7500  9.8240e-01  2.2670e-03
  -66.0000  9.8311e-01  2.2606e-03
  -64.2500  9.8339e-01  2.2582e-03
  -62.5000  9.8305e-01  2.2590e-03
  -60.7500  9.8279e-01  2.2597e-03
  -59.0000  9.8244e-01  2.2615e-03
  -57.2500  9.8138e-01  2.2638e-03
  -55.5000  9.8067e-01  2.2685e-03
  -53.7500  9.8209e-01  2.2696e-03
  -52.0000  9.8233e-01  2.2706e-03
  -50.2500  9.8131e-01  2.2681e-03
  -48.5000  9.7971e-01  2.2662e-03
  -46.7500  9.7832e-01  2.2677e-03
  -45.0000  9.7656e-01  2.2706e-03
  -43.2500  9.7519e-01  2.2754e-03
  -41.5000  9.7545e-01  2.2764e-03
  -39.7500  9.7545e-01  2.2788e-03
  -38.0000  9.7386e-01  2.2823e-03
  -36.2500  9.7229e-01  2.2849e-03
  -34.5000  9.7136e-01  2.2862e-03
  -32.7500  9.7005e-01  2.2879e-03
  -31.0000  9.6962e-01  2.2901e-03
  -29.2500  9.6916e-01  2.2965e-03
  -27.5000  9.6731e-01  2.3019e-03
  -25.7500  9.6538e-01  2.3040e-03
  -24.0000  9.6482e-01  2.3042e-03
  -22.2500  9.6328e-01  2.3045e-03
  -20.5000  9.6018e-01  2.3092e-03
  -18.7500  9.5675e-01  2.3210e-03
  -17.0000  9.5164e-01  2.3355e-03
  -15.2500  9.4664e-01  2.3461e-03
  -13.5000  9.4348e-01  2.3536e-03
  -11.7500  9.4095e-01  2.3578e-03
  -10.0000  9.3522e-01  2.3682e-03
   -8.2500  9.2432e-01  2.3893e-03
   -6.5000  9.0104e-01  2.4467e-03
   -4.7500  8.3588e-01  2.6276e-03
   -3.0000  6.8902e-01  3.0360e-03
   -1.2500  5.2945e-01  3.5336e-03
    0.5000  4.9438e-01  3.6593e-03
    2.2500  6.1234e-01  3.2653e-03
    4.0000  7.8066e-01  2.7759e-03
    5.7500  8.7894e-01  2.5066e-03
    7.5000  9.1477e-01  2.4121e-03
    9.2500  9.3097e-01  2.3768e-03
   11.0000  9.4056e-01  2.3593e-03
   12.7500  9.4609e-01  2.3487e-03
   14.5000  9.4843e-01  2.3444e-03
   16.2500  9.5167e-01  2.3358e-03
   18.0000  9.5657e-01  2.3210e-03
   19.7500  9.5963e-01  2.3095e-03
   21.5000  9.6200e-01  2.3035e-03
   23.2500  9.6632e-01  2.2933e-03
   25.0000  9.6928e-01  2.2917e-03
   26.7500  9.6962e-01  2.2960e-03
   28.5000  9.6825e-01  2.2976e-03
   30.2500  9.6704e-01  2.2963e-03
   32.0000  9.6782e-01  2.2936e-03
   33.7500  9.6928e-01  2.2880e-03
   35.5000  9.6948e-01  2.2876e-03
   37.2500  9.7116e-01  2.2834e-03
   39.0000  9.7247e-01  2.2790e-03
   40.7500  9.7518e-01  2.2763e-03
   42.5000  9.7855e-01  2.2699e-03
   44.2500  9.8025e-01  2.2638e-03
   46.0000  9.7929e-01  2.2643e-03
   47.7500  9.7704e-01  2.2683e-03
   49.5000  9.7461e-01  2.2723e-03
   51.2500  9.7339e-01  2.2765e-03
   53.0000  9.7420e-01  2.2786e-03
   54.7500  9.7565e-01  2.2769e-03
   56.5000  9.7600e-01  2.2762e-03
   58.2500  9.7741e-01  2.2726e-03
   60.0000  9.7763e-01  2.2710e-03
   61.7500  9.7800e-01  2.2708e-03
   63.5000  9.8009e-01  2.2672e-03
   65.2500  9.8158e-01  2.2626e-03
   67.0000  9.8092e-01  2.2650e-03
   68.7500  9.8031e-01  2.2669e-03
   70.5000  9.7956e-01  2.2679e-03
   72.2500  9.7873e-01  2.2705e-03
   74.0000  9.7890e-01  2.2703e-03
   75.7500  9.7968e-01  2.2682e-03
   77.5000  9.7919e-01  2.2707e-03
   79.2500  9.7818e-01  2.2728e-03
   81.0000  9.7941e-01  2.2699e-03
