***c_teff3600_logg4.57_mh-0.24_alpha0.1_vmic1.0_lsd.out
 93 2
  -80.0000  9.7961e-01  2.3671e-03
  -78.2500  9.8033e-01  2.3570e-03
  -76.5000  9.7936e-01  2.3563e-03
  -74.7500  9.7861e-01  2.3579e-03
  -73.0000  9.7840e-01  2.3642e-03
  -71.2500  9.7921e-01  2.3665e-03
  -69.5000  9.7935e-01  2.3649e-03
  -67.7500  9.7920e-01  2.3564e-03
  -66.0000  9.7997e-01  2.3491e-03
  -64.2500  9.8049e-01  2.3468e-03
  -62.5000  9.8036e-01  2.3475e-03
  -60.7500  9.8007e-01  2.3481e-03
  -59.0000  9.7917e-01  2.3505e-03
  -57.2500  9.7786e-01  2.3535e-03
  -55.5000  9.7734e-01  2.3588e-03
  -53.7500  9.7885e-01  2.3608e-03
  -52.0000  9.7899e-01  2.3620e-03
  -50.2500  9.7795e-01  2.3590e-03
  -48.5000  9.7658e-01  2.3564e-03
  -46.7500  9.7542e-01  2.3572e-03
  -45.0000  9.7409e-01  2.3593e-03
  -43.2500  9.7294e-01  2.3643e-03
  -41.5000  9.7322e-01  2.3660e-03
  -39.7500  9.7294e-01  2.3695e-03
  -38.0000  9.7071e-01  2.3749e-03
  -36.2500  9.6866e-01  2.3784e-03
  -34.5000  9.6723e-01  2.3800e-03
  -32.7500  9.6569e-01  2.3812e-03
  -31.0000  9.6543e-01  2.3833e-03
  -29.2500  9.6472e-01  2.3909e-03
  -27.5000  9.6246e-01  2.3978e-03
  -25.7500  9.6011e-01  2.4004e-03
  -24.0000  9.5924e-01  2.4008e-03
  -22.2500  9.5736e-01  2.4018e-03
  -20.5000  9.5434e-01  2.4069e-03
  -18.7500  9.5075e-01  2.4204e-03
  -17.0000  9.4529e-01  2.4373e-03
  -15.2500  9.3982e-01  2.4494e-03
  -13.5000  9.3638e-01  2.4581e-03
  -11.7500  9.3385e-01  2.4641e-03
  -10.0000  9.2791e-01  2.4766e-03
   -8.2500  9.1687e-01  2.5014e-03
   -6.5000  8.9276e-01  2.5682e-03
   -4.7500  8.2547e-01  2.7761e-03
   -3.0000  6.7432e-01  3.2431e-03
   -1.2500  5.1062e-01  3.8109e-03
    0.5000  4.7505e-01  3.9541e-03
    2.2500  5.9511e-01  3.5044e-03
    4.0000  7.6815e-01  2.9447e-03
    5.7500  8.6949e-01  2.6352e-03
    7.5000  9.0693e-01  2.5263e-03
    9.2500  9.2417e-01  2.4850e-03
   11.0000  9.3457e-01  2.4640e-03
   12.7500  9.4067e-01  2.4510e-03
   14.5000  9.4340e-01  2.4451e-03
   16.2500  9.4656e-01  2.4356e-03
   18.0000  9.5160e-01  2.4200e-03
   19.7500  9.5512e-01  2.4070e-03
   21.5000  9.5752e-01  2.3999e-03
   23.2500  9.6163e-01  2.3883e-03
   25.0000  9.6443e-01  2.3857e-03
   26.7500  9.6486e-01  2.3904e-03
   28.5000  9.6367e-01  2.3918e-03
   30.2500  9.6262e-01  2.3897e-03
   32.0000  9.6387e-01  2.3863e-03
   33.7500  9.6555e-01  2.3805e-03
   35.5000  9.6555e-01  2.3809e-03
   37.2500  9.6714e-01  2.3768e-03
   39.0000  9.6820e-01  2.3717e-03
   40.7500  9.7082e-01  2.3681e-03
   42.5000  9.7448e-01  2.3604e-03
   44.2500  9.7671e-01  2.3532e-03
   46.0000  9.7613e-01  2.3539e-03
   47.7500  9.7411e-01  2.3585e-03
   49.5000  9.7198e-01  2.3624e-03
   51.2500  9.7077e-01  2.3666e-03
   53.0000  9.7105e-01  2.3696e-03
   54.7500  9.7199e-01  2.3680e-03
   56.5000  9.7218e-01  2.3672e-03
   58.2500  9.7367e-01  2.3626e-03
   60.0000  9.7408e-01  2.3604e-03
   61.7500  9.7468e-01  2.3605e-03
   63.5000  9.7703e-01  2.3563e-03
   65.2500  9.7848e-01  2.3508e-03
   67.0000  9.7755e-01  2.3533e-03
   68.7500  9.7683e-01  2.3545e-03
   70.5000  9.7613e-01  2.3554e-03
   72.2500  9.7523e-01  2.3589e-03
   74.0000  9.7538e-01  2.3588e-03
   75.7500  9.7674e-01  2.3561e-03
   77.5000  9.7649e-01  2.3591e-03
   79.2500  9.7573e-01  2.3616e-03
   81.0000  9.7592e-01  2.3582e-03
