***.7_lsd.out
 106 2
 -120.0000  9.9417e-01  7.8065e-04
 -117.7000  9.9178e-01  7.7753e-04
 -115.4000  9.9314e-01  7.8037e-04
 -113.1000  9.9572e-01  7.7941e-04
 -110.8000  9.9530e-01  7.7967e-04
 -108.5000  9.9517e-01  7.8212e-04
 -106.2000  9.9533e-01  7.8223e-04
 -103.9000  9.9557e-01  7.7963e-04
 -101.6000  9.9464e-01  7.7537e-04
  -99.3000  9.9432e-01  7.7335e-04
  -97.0000  9.9525e-01  7.7771e-04
  -94.7000  9.9682e-01  7.8294e-04
  -92.4000  9.9590e-01  7.8578e-04
  -90.1000  9.9593e-01  7.8377e-04
  -87.8000  9.9601e-01  7.8150e-04
  -85.5000  9.9559e-01  7.8035e-04
  -83.2000  9.9467e-01  7.7523e-04
  -80.9000  9.9350e-01  7.7214e-04
  -78.6000  9.9440e-01  7.7515e-04
  -76.3000  9.9502e-01  7.7730e-04
  -74.0000  9.9499e-01  7.7813e-04
  -71.7000  9.9680e-01  7.8143e-04
  -69.4000  9.9620e-01  7.8029e-04
  -67.1000  9.9436e-01  7.7737e-04
  -64.8000  9.9425e-01  7.7370e-04
  -62.5000  9.9371e-01  7.7158e-04
  -60.2000  9.9303e-01  7.7207e-04
  -57.9000  9.9275e-01  7.7581e-04
  -55.6000  9.9103e-01  7.7706e-04
  -53.3000  9.9071e-01  7.7812e-04
  -51.0000  9.9244e-01  7.7641e-04
  -48.7000  9.9258e-01  7.7562e-04
  -46.4000  9.9114e-01  7.7551e-04
  -44.1000  9.8968e-01  7.7510e-04
  -41.8000  9.8984e-01  7.7887e-04
  -39.5000  9.8953e-01  7.8224e-04
  -37.2000  9.8835e-01  7.8120e-04
  -34.9000  9.8712e-01  7.7946e-04
  -32.6000  9.8606e-01  7.8271e-04
  -30.3000  9.8578e-01  7.8771e-04
  -28.0000  9.8472e-01  7.9288e-04
  -25.7000  9.8374e-01  7.9326e-04
  -23.4000  9.8380e-01  7.8999e-04
  -21.1000  9.8271e-01  7.9410e-04
  -18.8000  9.7854e-01  8.0118e-04
  -16.5000  9.7540e-01  8.1033e-04
  -14.2000  9.7642e-01  8.2032e-04
  -11.9000  9.7356e-01  8.2561e-04
   -9.6000  9.6758e-01  8.3690e-04
   -7.3000  9.4822e-01  8.6444e-04
   -5.0000  8.4100e-01  9.3712e-04
   -2.7000  5.4304e-01  1.0735e-03
   -0.4000  3.3701e-01  1.2593e-03
    1.9000  4.3998e-01  1.1521e-03
    4.2000  7.5363e-01  9.7799e-04
    6.5000  9.3047e-01  8.8645e-04
    8.8000  9.6860e-01  8.4815e-04
   11.1000  9.7626e-01  8.3043e-04
   13.4000  9.7913e-01  8.2004e-04
   15.7000  9.8052e-01  8.0882e-04
   18.0000  9.8078e-01  7.9996e-04
   20.3000  9.8218e-01  7.9378e-04
   22.6000  9.8453e-01  7.9249e-04
   24.9000  9.8570e-01  7.8963e-04
   27.2000  9.8551e-01  7.8734e-04
   29.5000  9.8618e-01  7.8878e-04
   31.8000  9.8642e-01  7.8691e-04
   34.1000  9.8712e-01  7.8516e-04
   36.4000  9.8735e-01  7.8246e-04
   38.7000  9.8813e-01  7.7947e-04
   41.0000  9.9088e-01  7.8093e-04
   43.3000  9.9212e-01  7.8093e-04
   45.6000  9.9007e-01  7.8156e-04
   47.9000  9.8894e-01  7.8235e-04
   50.2000  9.9078e-01  7.8345e-04
   52.5000  9.9318e-01  7.8327e-04
   54.8000  9.9164e-01  7.8142e-04
   57.1000  9.9196e-01  7.7854e-04
   59.4000  9.9292e-01  7.7940e-04
   61.7000  9.9359e-01  7.7671e-04
   64.0000  9.9208e-01  7.7177e-04
   66.3000  9.9262e-01  7.7447e-04
   68.6000  9.9206e-01  7.7772e-04
   70.9000  9.9171e-01  7.7694e-04
   73.2000  9.9278e-01  7.8081e-04
   75.5000  9.9368e-01  7.8401e-04
   77.8000  9.9427e-01  7.8293e-04
   80.1000  9.9539e-01  7.8372e-04
   82.4000  9.9428e-01  7.8102e-04
   84.7000  9.9241e-01  7.7883e-04
   87.0000  9.9168e-01  7.7762e-04
   89.3000  9.9365e-01  7.7776e-04
   91.6000  9.9519e-01  7.7562e-04
   93.9000  9.9455e-01  7.7340e-04
   96.2000  9.9404e-01  7.7585e-04
   98.5000  9.9510e-01  7.7695e-04
  100.8000  9.9451e-01  7.7650e-04
  103.1000  9.9208e-01  7.7684e-04
  105.4000  9.9150e-01  7.7877e-04
  107.7000  9.9107e-01  7.7904e-04
  110.0000  9.9169e-01  7.8114e-04
  112.3000  9.9158e-01  7.8197e-04
  114.6000  9.9195e-01  7.8383e-04
  116.9000  9.9318e-01  7.8232e-04
  119.2000  9.9335e-01  7.7790e-04
  121.5000  9.9566e-01  7.7945e-04
