***.7_lsd.out
 106 2
 -120.0000  9.9231e-01  7.0175e-04
 -117.7000  9.9521e-01  6.9927e-04
 -115.4000  9.9688e-01  6.9976e-04
 -113.1000  9.9614e-01  6.9815e-04
 -110.8000  9.9595e-01  6.9999e-04
 -108.5000  9.9576e-01  7.0167e-04
 -106.2000  9.9598e-01  7.0117e-04
 -103.9000  9.9711e-01  6.9949e-04
 -101.6000  9.9822e-01  6.9625e-04
  -99.3000  9.9672e-01  6.9781e-04
  -97.0000  9.9601e-01  7.0106e-04
  -94.7000  9.9475e-01  7.0304e-04
  -92.4000  9.9471e-01  7.0511e-04
  -90.1000  9.9473e-01  7.0408e-04
  -87.8000  9.9383e-01  7.0025e-04
  -85.5000  9.9522e-01  6.9904e-04
  -83.2000  9.9607e-01  6.9602e-04
  -80.9000  9.9610e-01  6.9673e-04
  -78.6000  9.9369e-01  6.9794e-04
  -76.3000  9.9547e-01  7.0040e-04
  -74.0000  9.9444e-01  7.0052e-04
  -71.7000  9.9601e-01  7.0298e-04
  -69.4000  9.9415e-01  7.0181e-04
  -67.1000  9.9467e-01  6.9999e-04
  -64.8000  9.9449e-01  6.9692e-04
  -62.5000  9.9387e-01  6.9583e-04
  -60.2000  9.9278e-01  6.9814e-04
  -57.9000  9.9292e-01  7.0115e-04
  -55.6000  9.9250e-01  7.0061e-04
  -53.3000  9.9179e-01  6.9670e-04
  -51.0000  9.9311e-01  6.9630e-04
  -48.7000  9.9383e-01  6.9515e-04
  -46.4000  9.9309e-01  6.9379e-04
  -44.1000  9.9299e-01  6.9566e-04
  -41.8000  9.9214e-01  6.9720e-04
  -39.5000  9.9233e-01  6.9818e-04
  -37.2000  9.9244e-01  6.9729e-04
  -34.9000  9.9308e-01  6.9541e-04
  -32.6000  9.9252e-01  6.9465e-04
  -30.3000  9.9266e-01  6.9868e-04
  -28.0000  9.9006e-01  7.0240e-04
  -25.7000  9.8921e-01  7.0257e-04
  -23.4000  9.9124e-01  7.0060e-04
  -21.1000  9.8976e-01  6.9985e-04
  -18.8000  9.8581e-01  7.0174e-04
  -16.5000  9.8311e-01  7.0805e-04
  -14.2000  9.8098e-01  7.1040e-04
  -11.9000  9.8058e-01  7.1496e-04
   -9.6000  9.7590e-01  7.2159e-04
   -7.3000  9.5503e-01  7.4590e-04
   -5.0000  8.5297e-01  8.2490e-04
   -2.7000  5.4669e-01  9.6578e-04
   -0.4000  3.1898e-01  1.1388e-03
    1.9000  4.3209e-01  1.0424e-03
    4.2000  7.6415e-01  8.7195e-04
    6.5000  9.3729e-01  7.7085e-04
    8.8000  9.7450e-01  7.3378e-04
   11.1000  9.8301e-01  7.2412e-04
   13.4000  9.8559e-01  7.1565e-04
   15.7000  9.8730e-01  7.0738e-04
   18.0000  9.8880e-01  7.0245e-04
   20.3000  9.9047e-01  7.0063e-04
   22.6000  9.8987e-01  7.0221e-04
   24.9000  9.8958e-01  7.0028e-04
   27.2000  9.8951e-01  6.9817e-04
   29.5000  9.8930e-01  6.9921e-04
   31.8000  9.8974e-01  7.0043e-04
   34.1000  9.9115e-01  6.9824e-04
   36.4000  9.9087e-01  6.9664e-04
   38.7000  9.9210e-01  6.9670e-04
   41.0000  9.9313e-01  6.9687e-04
   43.3000  9.9414e-01  6.9364e-04
   45.6000  9.9398e-01  6.9259e-04
   47.9000  9.9126e-01  6.9398e-04
   50.2000  9.9032e-01  6.9579e-04
   52.5000  9.9332e-01  6.9719e-04
   54.8000  9.9456e-01  6.9891e-04
   57.1000  9.9320e-01  6.9638e-04
   59.4000  9.9328e-01  6.9409e-04
   61.7000  9.9428e-01  6.9398e-04
   64.0000  9.9421e-01  6.9220e-04
   66.3000  9.9492e-01  6.9504e-04
   68.6000  9.9567e-01  6.9695e-04
   70.9000  9.9592e-01  6.9662e-04
   73.2000  9.9585e-01  6.9656e-04
   75.5000  9.9638e-01  6.9619e-04
   77.8000  9.9703e-01  6.9593e-04
   80.1000  9.9664e-01  6.9652e-04
   82.4000  9.9705e-01  6.9725e-04
   84.7000  9.9589e-01  6.9828e-04
   87.0000  9.9436e-01  6.9711e-04
   89.3000  9.9508e-01  6.9613e-04
   91.6000  9.9800e-01  6.9766e-04
   93.9000  9.9853e-01  6.9793e-04
   96.2000  9.9699e-01  6.9840e-04
   98.5000  9.9757e-01  7.0059e-04
  100.8000  9.9694e-01  7.0023e-04
  103.1000  9.9538e-01  6.9797e-04
  105.4000  9.9593e-01  6.9812e-04
  107.7000  9.9586e-01  6.9831e-04
  110.0000  9.9683e-01  7.0022e-04
  112.3000  9.9684e-01  7.0063e-04
  114.6000  9.9534e-01  6.9973e-04
  116.9000  9.9538e-01  6.9873e-04
  119.2000  9.9613e-01  6.9653e-04
  121.5000  9.9738e-01  6.9861e-04
