***.7_lsd.out
 106 2
 -120.0000  9.9359e-01  7.1868e-04
 -117.7000  9.9559e-01  7.1642e-04
 -115.4000  9.9719e-01  7.2039e-04
 -113.1000  9.9601e-01  7.2068e-04
 -110.8000  9.9667e-01  7.2225e-04
 -108.5000  9.9460e-01  7.2258e-04
 -106.2000  9.9399e-01  7.1924e-04
 -103.9000  9.9616e-01  7.1712e-04
 -101.6000  9.9694e-01  7.1647e-04
  -99.3000  9.9669e-01  7.1864e-04
  -97.0000  9.9565e-01  7.2051e-04
  -94.7000  9.9652e-01  7.2285e-04
  -92.4000  9.9772e-01  7.2458e-04
  -90.1000  9.9529e-01  7.2072e-04
  -87.8000  9.9422e-01  7.1939e-04
  -85.5000  9.9543e-01  7.1790e-04
  -83.2000  9.9577e-01  7.1485e-04
  -80.9000  9.9357e-01  7.1334e-04
  -78.6000  9.9301e-01  7.1516e-04
  -76.3000  9.9377e-01  7.1761e-04
  -74.0000  9.9414e-01  7.1726e-04
  -71.7000  9.9435e-01  7.1817e-04
  -69.4000  9.9478e-01  7.1902e-04
  -67.1000  9.9499e-01  7.1897e-04
  -64.8000  9.9596e-01  7.1808e-04
  -62.5000  9.9673e-01  7.1825e-04
  -60.2000  9.9549e-01  7.1934e-04
  -57.9000  9.9398e-01  7.2035e-04
  -55.6000  9.9374e-01  7.2012e-04
  -53.3000  9.9470e-01  7.1959e-04
  -51.0000  9.9432e-01  7.1742e-04
  -48.7000  9.9496e-01  7.1459e-04
  -46.4000  9.9535e-01  7.1443e-04
  -44.1000  9.9538e-01  7.1553e-04
  -41.8000  9.9450e-01  7.1654e-04
  -39.5000  9.9453e-01  7.1768e-04
  -37.2000  9.9462e-01  7.1837e-04
  -34.9000  9.9463e-01  7.1649e-04
  -32.6000  9.9377e-01  7.1522e-04
  -30.3000  9.9398e-01  7.1798e-04
  -28.0000  9.9219e-01  7.2061e-04
  -25.7000  9.9127e-01  7.1837e-04
  -23.4000  9.9334e-01  7.1678e-04
  -21.1000  9.9195e-01  7.1662e-04
  -18.8000  9.8848e-01  7.1818e-04
  -16.5000  9.8569e-01  7.2180e-04
  -14.2000  9.8541e-01  7.2683e-04
  -11.9000  9.8436e-01  7.2964e-04
   -9.6000  9.7886e-01  7.3376e-04
   -7.3000  9.5799e-01  7.5569e-04
   -5.0000  8.4722e-01  8.2515e-04
   -2.7000  5.3669e-01  9.6783e-04
   -0.4000  3.0044e-01  1.1329e-03
    1.9000  4.2157e-01  1.0407e-03
    4.2000  7.6111e-01  8.7312e-04
    6.5000  9.3731e-01  7.7538e-04
    8.8000  9.7549e-01  7.4218e-04
   11.1000  9.8346e-01  7.3222e-04
   13.4000  9.8639e-01  7.2819e-04
   15.7000  9.8889e-01  7.2494e-04
   18.0000  9.9110e-01  7.2012e-04
   20.3000  9.9002e-01  7.1672e-04
   22.6000  9.8986e-01  7.1763e-04
   24.9000  9.9014e-01  7.1603e-04
   27.2000  9.9054e-01  7.1642e-04
   29.5000  9.9016e-01  7.1787e-04
   31.8000  9.9031e-01  7.1788e-04
   34.1000  9.9201e-01  7.1608e-04
   36.4000  9.9290e-01  7.1402e-04
   38.7000  9.9330e-01  7.1464e-04
   41.0000  9.9352e-01  7.1571e-04
   43.3000  9.9414e-01  7.1520e-04
   45.6000  9.9423e-01  7.1507e-04
   47.9000  9.9295e-01  7.1488e-04
   50.2000  9.9089e-01  7.1497e-04
   52.5000  9.9408e-01  7.1703e-04
   54.8000  9.9506e-01  7.1871e-04
   57.1000  9.9469e-01  7.1710e-04
   59.4000  9.9600e-01  7.1421e-04
   61.7000  9.9634e-01  7.1379e-04
   64.0000  9.9740e-01  7.1205e-04
   66.3000  9.9713e-01  7.1176e-04
   68.6000  9.9804e-01  7.1338e-04
   70.9000  9.9709e-01  7.1351e-04
   73.2000  9.9617e-01  7.1495e-04
   75.5000  9.9682e-01  7.1415e-04
   77.8000  9.9800e-01  7.1551e-04
   80.1000  9.9745e-01  7.1599e-04
   82.4000  9.9692e-01  7.1850e-04
   84.7000  9.9709e-01  7.1986e-04
   87.0000  9.9606e-01  7.1669e-04
   89.3000  9.9629e-01  7.1565e-04
   91.6000  9.9778e-01  7.1576e-04
   93.9000  9.9725e-01  7.1643e-04
   96.2000  9.9631e-01  7.1734e-04
   98.5000  9.9613e-01  7.1907e-04
  100.8000  9.9523e-01  7.1842e-04
  103.1000  9.9459e-01  7.1675e-04
  105.4000  9.9502e-01  7.1668e-04
  107.7000  9.9500e-01  7.1751e-04
  110.0000  9.9481e-01  7.1812e-04
  112.3000  9.9537e-01  7.1755e-04
  114.6000  9.9581e-01  7.1772e-04
  116.9000  9.9542e-01  7.1669e-04
  119.2000  9.9702e-01  7.1400e-04
  121.5000  9.9787e-01  7.1784e-04
