***s_BVCOR=-25.471906_cleaned_lsd.out
 47 2
  -40.0000  9.7723e-01  1.3017e-03
  -38.2500  9.7740e-01  1.3003e-03
  -36.5000  9.7611e-01  1.3023e-03
  -34.7500  9.7499e-01  1.3019e-03
  -33.0000  9.7364e-01  1.3057e-03
  -31.2500  9.7223e-01  1.3079e-03
  -29.5000  9.7027e-01  1.3141e-03
  -27.7500  9.6859e-01  1.3178e-03
  -26.0000  9.6597e-01  1.3231e-03
  -24.2500  9.6128e-01  1.3303e-03
  -22.5000  9.5462e-01  1.3405e-03
  -20.7500  9.4238e-01  1.3585e-03
  -19.0000  9.2821e-01  1.3816e-03
  -17.2500  9.1235e-01  1.4075e-03
  -15.5000  8.9513e-01  1.4351e-03
  -13.7500  8.7763e-01  1.4679e-03
  -12.0000  8.6502e-01  1.4941e-03
  -10.2500  8.5489e-01  1.5109e-03
   -8.5000  8.4801e-01  1.5264e-03
   -6.7500  8.4461e-01  1.5382e-03
   -5.0000  8.4416e-01  1.5430e-03
   -3.2500  8.4379e-01  1.5445e-03
   -1.5000  8.4357e-01  1.5435e-03
    0.2500  8.4500e-01  1.5416e-03
    2.0000  8.4584e-01  1.5392e-03
    3.7500  8.4769e-01  1.5334e-03
    5.5000  8.5187e-01  1.5263e-03
    7.2500  8.5595e-01  1.5171e-03
    9.0000  8.6124e-01  1.5065e-03
   10.7500  8.6920e-01  1.4878e-03
   12.5000  8.8017e-01  1.4664e-03
   14.2500  8.9088e-01  1.4459e-03
   16.0000  9.0387e-01  1.4207e-03
   17.7500  9.1955e-01  1.3957e-03
   19.5000  9.3401e-01  1.3728e-03
   21.2500  9.4792e-01  1.3517e-03
   23.0000  9.5726e-01  1.3376e-03
   24.7500  9.6327e-01  1.3274e-03
   26.5000  9.6882e-01  1.3187e-03
   28.2500  9.7117e-01  1.3147e-03
   30.0000  9.7292e-01  1.3097e-03
   31.7500  9.7494e-01  1.3068e-03
   33.5000  9.7555e-01  1.3071e-03
   35.2500  9.7683e-01  1.3004e-03
   37.0000  9.7627e-01  1.2998e-03
   38.7500  9.7793e-01  1.2975e-03
   40.5000  9.7670e-01  1.2992e-03
