***s_BVCOR=-25.825984_cleaned_lsd.out
 47 2
  -40.0000  9.7685e-01  1.2851e-03
  -38.2500  9.7748e-01  1.2840e-03
  -36.5000  9.7680e-01  1.2859e-03
  -34.7500  9.7602e-01  1.2872e-03
  -33.0000  9.7513e-01  1.2882e-03
  -31.2500  9.7394e-01  1.2913e-03
  -29.5000  9.7243e-01  1.2951e-03
  -27.7500  9.6921e-01  1.2994e-03
  -26.0000  9.6511e-01  1.3054e-03
  -24.2500  9.6064e-01  1.3148e-03
  -22.5000  9.5296e-01  1.3276e-03
  -20.7500  9.4181e-01  1.3461e-03
  -19.0000  9.2855e-01  1.3669e-03
  -17.2500  9.1179e-01  1.3931e-03
  -15.5000  8.9730e-01  1.4190e-03
  -13.7500  8.8384e-01  1.4420e-03
  -12.0000  8.7232e-01  1.4623e-03
  -10.2500  8.6268e-01  1.4823e-03
   -8.5000  8.5412e-01  1.4991e-03
   -6.7500  8.4607e-01  1.5155e-03
   -5.0000  8.4071e-01  1.5296e-03
   -3.2500  8.3792e-01  1.5368e-03
   -1.5000  8.3680e-01  1.5410e-03
    0.2500  8.3608e-01  1.5438e-03
    2.0000  8.3761e-01  1.5392e-03
    3.7500  8.4020e-01  1.5322e-03
    5.5000  8.4463e-01  1.5211e-03
    7.2500  8.5369e-01  1.5037e-03
    9.0000  8.6286e-01  1.4852e-03
   10.7500  8.7155e-01  1.4683e-03
   12.5000  8.8167e-01  1.4491e-03
   14.2500  8.9290e-01  1.4264e-03
   16.0000  9.0551e-01  1.4029e-03
   17.7500  9.1956e-01  1.3800e-03
   19.5000  9.3414e-01  1.3563e-03
   21.2500  9.4802e-01  1.3363e-03
   23.0000  9.5801e-01  1.3189e-03
   24.7500  9.6498e-01  1.3083e-03
   26.5000  9.6943e-01  1.3012e-03
   28.2500  9.7183e-01  1.2959e-03
   30.0000  9.7383e-01  1.2930e-03
   31.7500  9.7466e-01  1.2913e-03
   33.5000  9.7552e-01  1.2883e-03
   35.2500  9.7652e-01  1.2873e-03
   37.0000  9.7569e-01  1.2855e-03
   38.7500  9.7694e-01  1.2832e-03
   40.5000  9.7769e-01  1.2874e-03
