***s_BVCOR=-24.794926_cleaned_lsd.out
 47 2
  -40.0000  9.7892e-01  1.3182e-03
  -38.2500  9.7735e-01  1.3122e-03
  -36.5000  9.7738e-01  1.3118e-03
  -34.7500  9.7688e-01  1.3137e-03
  -33.0000  9.7423e-01  1.3179e-03
  -31.2500  9.7319e-01  1.3204e-03
  -29.5000  9.7095e-01  1.3252e-03
  -27.7500  9.6827e-01  1.3301e-03
  -26.0000  9.6548e-01  1.3353e-03
  -24.2500  9.6165e-01  1.3412e-03
  -22.5000  9.5376e-01  1.3551e-03
  -20.7500  9.4145e-01  1.3737e-03
  -19.0000  9.2664e-01  1.3966e-03
  -17.2500  9.1015e-01  1.4243e-03
  -15.5000  8.9417e-01  1.4511e-03
  -13.7500  8.7858e-01  1.4782e-03
  -12.0000  8.6642e-01  1.5028e-03
  -10.2500  8.5661e-01  1.5235e-03
   -8.5000  8.5121e-01  1.5378e-03
   -6.7500  8.4599e-01  1.5487e-03
   -5.0000  8.4350e-01  1.5569e-03
   -3.2500  8.4181e-01  1.5622e-03
   -1.5000  8.4121e-01  1.5633e-03
    0.2500  8.4336e-01  1.5607e-03
    2.0000  8.4503e-01  1.5577e-03
    3.7500  8.4698e-01  1.5514e-03
    5.5000  8.5022e-01  1.5441e-03
    7.2500  8.5602e-01  1.5313e-03
    9.0000  8.6049e-01  1.5201e-03
   10.7500  8.6801e-01  1.5038e-03
   12.5000  8.7852e-01  1.4829e-03
   14.2500  8.9118e-01  1.4600e-03
   16.0000  9.0507e-01  1.4351e-03
   17.7500  9.2083e-01  1.4084e-03
   19.5000  9.3492e-01  1.3850e-03
   21.2500  9.4822e-01  1.3651e-03
   23.0000  9.5774e-01  1.3507e-03
   24.7500  9.6438e-01  1.3395e-03
   26.5000  9.6889e-01  1.3326e-03
   28.2500  9.7157e-01  1.3280e-03
   30.0000  9.7379e-01  1.3236e-03
   31.7500  9.7546e-01  1.3215e-03
   33.5000  9.7507e-01  1.3180e-03
   35.2500  9.7660e-01  1.3159e-03
   37.0000  9.7637e-01  1.3135e-03
   38.7500  9.7720e-01  1.3105e-03
   40.5000  9.7801e-01  1.3150e-03
