***s_BVCOR=-25.523035_cleaned_lsd.out
 47 2
  -40.0000  9.7842e-01  1.3063e-03
  -38.2500  9.7827e-01  1.3059e-03
  -36.5000  9.7681e-01  1.3066e-03
  -34.7500  9.7598e-01  1.3091e-03
  -33.0000  9.7453e-01  1.3123e-03
  -31.2500  9.7305e-01  1.3134e-03
  -29.5000  9.7263e-01  1.3164e-03
  -27.7500  9.6975e-01  1.3215e-03
  -26.0000  9.6587e-01  1.3276e-03
  -24.2500  9.6068e-01  1.3381e-03
  -22.5000  9.5391e-01  1.3501e-03
  -20.7500  9.4220e-01  1.3655e-03
  -19.0000  9.2827e-01  1.3890e-03
  -17.2500  9.1198e-01  1.4155e-03
  -15.5000  8.9484e-01  1.4452e-03
  -13.7500  8.7898e-01  1.4750e-03
  -12.0000  8.6559e-01  1.5004e-03
  -10.2500  8.5529e-01  1.5198e-03
   -8.5000  8.4720e-01  1.5378e-03
   -6.7500  8.4249e-01  1.5509e-03
   -5.0000  8.4027e-01  1.5547e-03
   -3.2500  8.4232e-01  1.5551e-03
   -1.5000  8.4299e-01  1.5536e-03
    0.2500  8.4381e-01  1.5512e-03
    2.0000  8.4667e-01  1.5466e-03
    3.7500  8.4848e-01  1.5404e-03
    5.5000  8.5184e-01  1.5334e-03
    7.2500  8.5703e-01  1.5228e-03
    9.0000  8.6197e-01  1.5131e-03
   10.7500  8.6887e-01  1.4957e-03
   12.5000  8.7814e-01  1.4766e-03
   14.2500  8.9072e-01  1.4562e-03
   16.0000  9.0533e-01  1.4310e-03
   17.7500  9.2065e-01  1.4052e-03
   19.5000  9.3467e-01  1.3824e-03
   21.2500  9.4757e-01  1.3626e-03
   23.0000  9.5719e-01  1.3498e-03
   24.7500  9.6525e-01  1.3362e-03
   26.5000  9.6798e-01  1.3289e-03
   28.2500  9.7133e-01  1.3241e-03
   30.0000  9.7145e-01  1.3216e-03
   31.7500  9.7338e-01  1.3170e-03
   33.5000  9.7460e-01  1.3142e-03
   35.2500  9.7492e-01  1.3119e-03
   37.0000  9.7561e-01  1.3128e-03
   38.7500  9.7564e-01  1.3115e-03
   40.5000  9.7663e-01  1.3105e-03
