***s_BVCOR=-25.619651_cleaned_lsd.out
 47 2
  -40.0000  9.7966e-01  1.2824e-03
  -38.2500  9.7717e-01  1.2752e-03
  -36.5000  9.7622e-01  1.2745e-03
  -34.7500  9.7587e-01  1.2769e-03
  -33.0000  9.7456e-01  1.2800e-03
  -31.2500  9.7286e-01  1.2823e-03
  -29.5000  9.7166e-01  1.2865e-03
  -27.7500  9.6873e-01  1.2930e-03
  -26.0000  9.6545e-01  1.2989e-03
  -24.2500  9.5937e-01  1.3068e-03
  -22.5000  9.5072e-01  1.3204e-03
  -20.7500  9.3967e-01  1.3362e-03
  -19.0000  9.2405e-01  1.3632e-03
  -17.2500  9.0706e-01  1.3874e-03
  -15.5000  8.9147e-01  1.4125e-03
  -13.7500  8.7926e-01  1.4346e-03
  -12.0000  8.7072e-01  1.4516e-03
  -10.2500  8.6638e-01  1.4619e-03
   -8.5000  8.6228e-01  1.4738e-03
   -6.7500  8.5866e-01  1.4832e-03
   -5.0000  8.5554e-01  1.4900e-03
   -3.2500  8.5349e-01  1.4924e-03
   -1.5000  8.5237e-01  1.4961e-03
    0.2500  8.4975e-01  1.5018e-03
    2.0000  8.4711e-01  1.5068e-03
    3.7500  8.4480e-01  1.5112e-03
    5.5000  8.4430e-01  1.5105e-03
    7.2500  8.4645e-01  1.5038e-03
    9.0000  8.5163e-01  1.4935e-03
   10.7500  8.5926e-01  1.4754e-03
   12.5000  8.6955e-01  1.4548e-03
   14.2500  8.8234e-01  1.4313e-03
   16.0000  8.9786e-01  1.4042e-03
   17.7500  9.1514e-01  1.3753e-03
   19.5000  9.3207e-01  1.3489e-03
   21.2500  9.4588e-01  1.3274e-03
   23.0000  9.5705e-01  1.3124e-03
   24.7500  9.6402e-01  1.3001e-03
   26.5000  9.6831e-01  1.2962e-03
   28.2500  9.7081e-01  1.2944e-03
   30.0000  9.7316e-01  1.2882e-03
   31.7500  9.7479e-01  1.2828e-03
   33.5000  9.7533e-01  1.2801e-03
   35.2500  9.7547e-01  1.2777e-03
   37.0000  9.7585e-01  1.2751e-03
   38.7500  9.7656e-01  1.2725e-03
   40.5000  9.7622e-01  1.2810e-03
