***s_BVCOR=-25.308334_cleaned_lsd.out
 47 2
  -40.0000  9.7643e-01  1.2817e-03
  -38.2500  9.7717e-01  1.2755e-03
  -36.5000  9.7604e-01  1.2766e-03
  -34.7500  9.7615e-01  1.2778e-03
  -33.0000  9.7534e-01  1.2809e-03
  -31.2500  9.7316e-01  1.2839e-03
  -29.5000  9.7197e-01  1.2858e-03
  -27.7500  9.6899e-01  1.2910e-03
  -26.0000  9.6575e-01  1.2971e-03
  -24.2500  9.6131e-01  1.3047e-03
  -22.5000  9.5333e-01  1.3156e-03
  -20.7500  9.4295e-01  1.3329e-03
  -19.0000  9.2923e-01  1.3532e-03
  -17.2500  9.1412e-01  1.3763e-03
  -15.5000  9.0095e-01  1.3990e-03
  -13.7500  8.8983e-01  1.4212e-03
  -12.0000  8.8070e-01  1.4399e-03
  -10.2500  8.7157e-01  1.4574e-03
   -8.5000  8.6366e-01  1.4742e-03
   -6.7500  8.5638e-01  1.4886e-03
   -5.0000  8.4948e-01  1.5009e-03
   -3.2500  8.4649e-01  1.5104e-03
   -1.5000  8.4320e-01  1.5169e-03
    0.2500  8.4147e-01  1.5196e-03
    2.0000  8.3989e-01  1.5246e-03
    3.7500  8.3992e-01  1.5257e-03
    5.5000  8.4173e-01  1.5200e-03
    7.2500  8.4471e-01  1.5123e-03
    9.0000  8.5045e-01  1.4975e-03
   10.7500  8.5869e-01  1.4797e-03
   12.5000  8.7019e-01  1.4578e-03
   14.2500  8.8291e-01  1.4349e-03
   16.0000  8.9786e-01  1.4086e-03
   17.7500  9.1451e-01  1.3821e-03
   19.5000  9.3195e-01  1.3550e-03
   21.2500  9.4568e-01  1.3332e-03
   23.0000  9.5704e-01  1.3151e-03
   24.7500  9.6433e-01  1.3054e-03
   26.5000  9.6782e-01  1.2963e-03
   28.2500  9.7152e-01  1.2903e-03
   30.0000  9.7251e-01  1.2887e-03
   31.7500  9.7473e-01  1.2840e-03
   33.5000  9.7516e-01  1.2822e-03
   35.2500  9.7573e-01  1.2798e-03
   37.0000  9.7638e-01  1.2765e-03
   38.7500  9.7639e-01  1.2751e-03
   40.5000  9.7626e-01  1.2763e-03
