***s_BVCOR=-24.614989_cleaned_lsd.out
 47 2
  -40.0000  9.7665e-01  1.2957e-03
  -38.2500  9.7703e-01  1.2865e-03
  -36.5000  9.7679e-01  1.2879e-03
  -34.7500  9.7604e-01  1.2888e-03
  -33.0000  9.7510e-01  1.2917e-03
  -31.2500  9.7266e-01  1.2941e-03
  -29.5000  9.7136e-01  1.2955e-03
  -27.7500  9.6973e-01  1.2990e-03
  -26.0000  9.6641e-01  1.3059e-03
  -24.2500  9.6310e-01  1.3118e-03
  -22.5000  9.5522e-01  1.3238e-03
  -20.7500  9.4502e-01  1.3396e-03
  -19.0000  9.3094e-01  1.3621e-03
  -17.2500  9.1567e-01  1.3860e-03
  -15.5000  8.9961e-01  1.4117e-03
  -13.7500  8.8680e-01  1.4347e-03
  -12.0000  8.7483e-01  1.4590e-03
  -10.2500  8.6653e-01  1.4750e-03
   -8.5000  8.5962e-01  1.4888e-03
   -6.7500  8.5456e-01  1.5022e-03
   -5.0000  8.5089e-01  1.5101e-03
   -3.2500  8.4792e-01  1.5161e-03
   -1.5000  8.4374e-01  1.5253e-03
    0.2500  8.3998e-01  1.5336e-03
    2.0000  8.3818e-01  1.5362e-03
    3.7500  8.3780e-01  1.5372e-03
    5.5000  8.4059e-01  1.5321e-03
    7.2500  8.4472e-01  1.5225e-03
    9.0000  8.5310e-01  1.5067e-03
   10.7500  8.6286e-01  1.4865e-03
   12.5000  8.7527e-01  1.4603e-03
   14.2500  8.8904e-01  1.4363e-03
   16.0000  9.0359e-01  1.4100e-03
   17.7500  9.1875e-01  1.3841e-03
   19.5000  9.3267e-01  1.3614e-03
   21.2500  9.4596e-01  1.3410e-03
   23.0000  9.5718e-01  1.3225e-03
   24.7500  9.6377e-01  1.3142e-03
   26.5000  9.6870e-01  1.3065e-03
   28.2500  9.7115e-01  1.3017e-03
   30.0000  9.7262e-01  1.2991e-03
   31.7500  9.7496e-01  1.2943e-03
   33.5000  9.7549e-01  1.2924e-03
   35.2500  9.7576e-01  1.2906e-03
   37.0000  9.7663e-01  1.2885e-03
   38.7500  9.7704e-01  1.2888e-03
   40.5000  9.7631e-01  1.2901e-03
