***s_BVCOR=-24.973118_cleaned_lsd.out
 47 2
  -40.0000  9.7602e-01  1.2825e-03
  -38.2500  9.7757e-01  1.2791e-03
  -36.5000  9.7682e-01  1.2804e-03
  -34.7500  9.7540e-01  1.2838e-03
  -33.0000  9.7490e-01  1.2840e-03
  -31.2500  9.7410e-01  1.2876e-03
  -29.5000  9.7214e-01  1.2900e-03
  -27.7500  9.6967e-01  1.2949e-03
  -26.0000  9.6746e-01  1.2986e-03
  -24.2500  9.6277e-01  1.3064e-03
  -22.5000  9.5484e-01  1.3184e-03
  -20.7500  9.4537e-01  1.3334e-03
  -19.0000  9.3138e-01  1.3546e-03
  -17.2500  9.1652e-01  1.3775e-03
  -15.5000  9.0096e-01  1.4046e-03
  -13.7500  8.8718e-01  1.4292e-03
  -12.0000  8.7617e-01  1.4506e-03
  -10.2500  8.6439e-01  1.4739e-03
   -8.5000  8.5728e-01  1.4889e-03
   -6.7500  8.5156e-01  1.5005e-03
   -5.0000  8.4876e-01  1.5080e-03
   -3.2500  8.4724e-01  1.5136e-03
   -1.5000  8.4579e-01  1.5177e-03
    0.2500  8.4390e-01  1.5224e-03
    2.0000  8.4308e-01  1.5245e-03
    3.7500  8.4141e-01  1.5251e-03
    5.5000  8.4169e-01  1.5239e-03
    7.2500  8.4345e-01  1.5179e-03
    9.0000  8.5027e-01  1.5034e-03
   10.7500  8.5896e-01  1.4860e-03
   12.5000  8.7022e-01  1.4644e-03
   14.2500  8.8337e-01  1.4390e-03
   16.0000  8.9749e-01  1.4140e-03
   17.7500  9.1447e-01  1.3862e-03
   19.5000  9.3049e-01  1.3602e-03
   21.2500  9.4576e-01  1.3383e-03
   23.0000  9.5649e-01  1.3221e-03
   24.7500  9.6333e-01  1.3081e-03
   26.5000  9.6779e-01  1.3009e-03
   28.2500  9.7075e-01  1.2948e-03
   30.0000  9.7332e-01  1.2907e-03
   31.7500  9.7468e-01  1.2888e-03
   33.5000  9.7560e-01  1.2851e-03
   35.2500  9.7618e-01  1.2834e-03
   37.0000  9.7608e-01  1.2826e-03
   38.7500  9.7699e-01  1.2801e-03
   40.5000  9.7951e-01  1.2848e-03
